dexy - INFO - starting logging for dexy
dexy - INFO - using config file 'dexy.yaml'
dexy - INFO - (state:running) 32bb636196f91ed59d7a49190e26b42c bundle:assets: running...
dexy - INFO - (state:running) 1fefe51ec05ae4f6b1b9a4a5328c4573 pattern:*.css: running...
dexy - INFO - (state:running) f4f76afc77a9613e6bb3783216ed2f76 doc:node_modules/grunt-contrib-watch/node_modules/gaze/node_modules/globule/test/fixtures/expand/css/baz.css: running...
dexy - INFO - (state:running) 1ec39617246f5add73bdf959b4245ef3 doc:node_modules/grunt/node_modules/grunt-legacy-log/node_modules/underscore.string/test/test_underscore/vendor/qunit.css: running...
dexy - INFO - (state:running) cf5198c10d5106bfc1003f992d81fc5c doc:node_modules/grunt-contrib-watch/node_modules/tiny-lr-fork/node_modules/qs/test/browser/qs.css: running...
dexy - INFO - (state:running) 01f4d0f4bc4df7e012506796b4105c37 doc:node_modules/grunt/node_modules/underscore.string/test/test_underscore/vendor/qunit.css: running...
dexy - INFO - (state:running) 4ad3ed33866144b5bb2c2e0fe724ab0b doc:node_modules/grunt/node_modules/js-yaml/node_modules/argparse/node_modules/underscore.string/test/test_underscore/vendor/qunit.css: running...
dexy - INFO - (state:running) 6a6a912d0c7b55b537768da778032849 doc:css/style.css: running...
dexy - INFO - (state:running) fca38af1f2151513a5ea32422a4e2adc doc:node_modules/grunt-contrib-watch/node_modules/gaze/node_modules/globule/test/fixtures/expand/css/qux.css: running...
dexy - INFO - (state:running) bda0c6c8e8438f33ff59f4a364da1714 doc:node_modules/grunt-contrib-watch/node_modules/tiny-lr-fork/node_modules/qs/test/browser/mocha.css: running...
dexy - INFO - (state:running) e83389bdd4d92df8e9bc65c5a3682c4f pattern:*.js: running...
dexy - INFO - (state:running) e858b59e7c4b67920b2d4fddad6dee97 doc:node_modules/grunt/node_modules/js-yaml/node_modules/argparse/examples/help.js: running...
dexy - INFO - (state:running) cbaf5b914333511e4f228fe46cf7cdd0 doc:node_modules/grunt/node_modules/glob/test/nocase-nomagic.js: running...
dexy - INFO - (state:running) 02b354a511e13f9164771847735b0157 doc:node_modules/grunt/node_modules/findup-sync/node_modules/lodash/dist/lodash.underscore.js: running...
dexy - INFO - (state:running) d0085378902b453b800770c0fc898712 doc:node_modules/grunt/node_modules/findup-sync/node_modules/glob/node_modules/minimatch/node_modules/sigmund/bench.js: running...
dexy - INFO - (state:running) 7c86561994aa2c283c4c331c6ca31edf doc:node_modules/grunt/node_modules/which/which.js: running...
dexy - INFO - (state:running) 1cde9aaffe1a2769abaa3a8a3f87bf9b doc:node_modules/grunt/node_modules/eventemitter2/index.js: running...
dexy - INFO - (state:running) 17d8c0fd4f00751e885ee81f8f83b0c4 doc:node_modules/grunt/node_modules/grunt-legacy-log/node_modules/underscore.string/test/strings_standalone.js: running...
dexy - INFO - (state:running) a5e3d11cf2115162c8d888ff47de8d74 doc:node_modules/grunt/node_modules/underscore.string/test/strings.js: running...
dexy - INFO - (state:running) 93bb1f272f6b4258047b15adb5247189 doc:node_modules/grunt/node_modules/coffee-script/lib/coffee-script/nodes.js: running...
dexy - INFO - (state:running) 0a7075faec8e8d2c31d214d49d413e42 doc:node_modules/grunt/node_modules/grunt-legacy-log/node_modules/lodash/dist/lodash.js: running...
dexy - INFO - (state:running) d78165684c61555a7dd92dc7b68aaedf doc:node_modules/grunt/node_modules/js-yaml/lib/js-yaml/type/omap.js: running...
dexy - INFO - (state:running) 99bdfdd6fc7f5676f098e5c9272d9da6 doc:node_modules/grunt/node_modules/grunt-legacy-log/node_modules/underscore.string/test/strings.js: running...
dexy - INFO - (state:running) dd5c0919dc22c9473210fc3b92425881 doc:node_modules/grunt/node_modules/grunt-legacy-log/node_modules/underscore.string/test/test_underscore/speed.js: running...
dexy - INFO - (state:running) b847cac7f799aebbad81f02a9ad2471f doc:node_modules/grunt/node_modules/findup-sync/node_modules/glob/node_modules/minimatch/minimatch.js: running...
dexy - INFO - (state:running) f5b4798de2c5b0806f5b9109bf64ccad doc:node_modules/grunt-contrib-watch/node_modules/gaze/node_modules/globule/node_modules/lodash/vendor/tar/vendor/fstream/lib/proxy-reader.js: running...
dexy - INFO - (state:running) dba0cb1cfc3113766880bd8eff7ccae2 doc:node_modules/grunt/node_modules/js-yaml/node_modules/argparse/lib/action/append/constant.js: running...
dexy - INFO - (state:running) 3ee0c4b33565a645d5e7c113407ea078 doc:node_modules/grunt-contrib-watch/node_modules/gaze/node_modules/globule/node_modules/lodash/test/test.js: running...
dexy - INFO - (state:running) a06a94c94a6c635c8be3d7b7f504e60f doc:node_modules/grunt/node_modules/js-yaml/node_modules/argparse/node_modules/underscore.string/test/test_underscore/vendor/qunit.js: running...
dexy - INFO - (state:running) b5b7005e0462a46a990219c013a9f5de doc:node_modules/grunt/node_modules/js-yaml/node_modules/argparse/lib/action/version.js: running...
dexy - INFO - (state:running) a8ee62939fdb41690425f29c3f1eae65 doc:node_modules/grunt/node_modules/findup-sync/node_modules/glob/glob.js: running...
dexy - INFO - (state:running) 51e9ddfda33321664d8e7f9ac57cde77 doc:node_modules/grunt/node_modules/coffee-script/lib/coffee-script/parser.js: running...
dexy - INFO - (state:running) c2655f342063c8ac5e5d2898fee6cbc0 doc:node_modules/grunt/node_modules/lodash/vendor/tar/vendor/fstream/lib/dir-writer.js: running...
dexy - INFO - (state:running) f2d4475fd66c7b3e69703b29b28e72e3 doc:node_modules/grunt/node_modules/js-yaml/node_modules/argparse/examples/arguments.js: running...
dexy - INFO - (state:running) 8b966bd360111e553946ad6cd3656939 doc:node_modules/grunt-contrib-watch/node_modules/tiny-lr-fork/node_modules/noptify/test/collectable.js: running...
dexy - INFO - (state:running) 404d7ccbd68c420ace429bf0d9cc816e doc:node_modules/grunt/node_modules/lodash/vendor/tar/vendor/fstream/lib/proxy-writer.js: running...
dexy - INFO - (state:running) b4ae529070c25ec7b305835f3eeb040c doc:node_modules/grunt/node_modules/js-yaml/node_modules/esprima/esprima.js: running...
dexy - INFO - (state:running) d96333bcbb27daaa54eb1d93f2e24fa4 doc:node_modules/grunt/node_modules/js-yaml/node_modules/argparse/lib/argument/exclusive.js: running...
dexy - INFO - (state:running) 96cdee0d6e6fb98f5ab4d97fefc54036 doc:node_modules/grunt/node_modules/js-yaml/node_modules/argparse/node_modules/underscore/index.js: running...
dexy - INFO - (state:running) 81052b4aedf0ee84adb4a500d33cda68 doc:node_modules/grunt/node_modules/underscore.string/test/test_underscore/vendor/jquery.js: running...
dexy - INFO - (state:running) be58f09adf1116f7938d32f3ae101d80 doc:node_modules/grunt/node_modules/grunt-legacy-log/examples.js: running...
dexy - INFO - (state:running) 6e9dae7656251b2178c1180e6567bf83 doc:node_modules/grunt/node_modules/glob/node_modules/graceful-fs/test/ulimit.js: running...
dexy - INFO - (state:running) 6b5dcd72be7bfab761bab48782f89c13 doc:node_modules/grunt/node_modules/hooker/grunt.js: running...
dexy - INFO - (state:running) 635f4d8fea537b95d96cc3b1538bc843 doc:node_modules/grunt-contrib-watch/node_modules/tiny-lr-fork/node_modules/noptify/test/fixtures/a.js: running...
dexy - INFO - (state:running) 36a8e534b15e62bded1937180149a484 doc:node_modules/grunt-contrib-watch/node_modules/tiny-lr-fork/node_modules/faye-websocket/examples/client.js: running...
dexy - INFO - (state:running) c088c27584a0fe306c166a487c2989c1 doc:node_modules/grunt/node_modules/rimraf/test/test-sync.js: running...
dexy - INFO - (state:running) f53b588efa27b36e7d165055d1b6fea7 doc:node_modules/grunt/node_modules/iconv-lite/test/main-test.js: running...
dexy - INFO - (state:running) 3e2ce0ca77488b286c8965cd5fd75bd4 doc:node_modules/grunt/node_modules/underscore.string/test/test_underscore/objects.js: running...
dexy - INFO - (state:running) 5e3a1c5bdedc8b204a48561005cb090c doc:node_modules/grunt-contrib-watch/node_modules/tiny-lr-fork/node_modules/noptify/node_modules/nopt/lib/nopt.js: running...
dexy - INFO - (state:running) bbe9ce0d433407ab00a257a188d7addb doc:node_modules/grunt-contrib-watch/node_modules/gaze/node_modules/globule/node_modules/lodash/vendor/tar/lib/entry.js: running...
dexy - INFO - (state:running) c96d72d0b692d98580ce38c260eaa3c8 doc:node_modules/grunt-contrib-watch/node_modules/gaze/node_modules/globule/node_modules/lodash/vendor/tar/vendor/mkdirp/index.js: running...
dexy - INFO - (state:running) 8aa27d22fcd1a0d99cdf188e1eb44b13 doc:node_modules/grunt/node_modules/js-yaml/node_modules/argparse/node_modules/underscore.string/test/strings.js: running...
dexy - INFO - (state:running) f4f4d8f8ab717e4405f92e6888be12e9 doc:node_modules/grunt/node_modules/js-yaml/node_modules/argparse/examples/constants.js: running...
dexy - INFO - (state:running) e1103d346b5d75d0807d8b6365b6aa80 doc:node_modules/grunt-contrib-watch/node_modules/gaze/node_modules/globule/node_modules/lodash/vendor/tar/vendor/inherits/inherits.js: running...
dexy - INFO - (state:running) ee1df0c5c63eed1ce10522803a05c265 doc:node_modules/grunt/node_modules/colors/themes/winston-dark.js: running...
dexy - INFO - (state:running) f158675a465c97ba49fcd17a7310c7ee doc:node_modules/grunt/node_modules/lodash/vendor/tar/lib/entry-writer.js: running...
dexy - INFO - (state:running) a95b4e5124fc6ba6e15b1cbee29ff60f doc:node_modules/grunt-contrib-watch/node_modules/gaze/node_modules/globule/node_modules/glob/test/nocase-nomagic.js: running...
dexy - INFO - (state:running) 1eeb71a0a366e84f16868d601b26244c doc:node_modules/grunt/node_modules/grunt-legacy-log/node_modules/underscore.string/test/test_underscore/chaining.js: running...
dexy - INFO - (state:running) f64152c404667bf621c549d7d665717f doc:node_modules/grunt-contrib-watch/node_modules/tiny-lr-fork/node_modules/noptify/actions/collectable.js: running...
dexy - INFO - (state:running) 24422e9419bb206ff46ebe07e079725f doc:node_modules/grunt/node_modules/nopt/bin/nopt.js: running...
dexy - INFO - (state:running) bf7a8671f5c0f63e1b2aec4d300d86e5 doc:node_modules/grunt/node_modules/findup-sync/node_modules/glob/test/pause-resume.js: running...
dexy - INFO - (state:running) a5aa0ea26431c196362c7345b0d613b7 doc:node_modules/grunt/node_modules/findup-sync/node_modules/glob/test/00-setup.js: running...
dexy - INFO - (state:running) 3f1634a764bdb07a566305746a8967e2 doc:node_modules/grunt/node_modules/colors/test.js: running...
dexy - INFO - (state:running) 90d8e6e1284b81373b4fa8ba7b8ac3d0 doc:node_modules/grunt/node_modules/colors/example.js: running...
dexy - INFO - (state:running) f739d957331953b2a7c2b558b09daa87 doc:node_modules/grunt-contrib-watch/node_modules/tiny-lr-fork/node_modules/debug/index.js: running...
dexy - INFO - (state:running) dbe79b5c33dc7ab4e7bac120cf941338 doc:node_modules/grunt/node_modules/coffee-script/lib/coffee-script/optparse.js: running...
dexy - INFO - (state:running) c49ea6cf5cebf0e7f2012a60c8e04783 doc:node_modules/grunt/node_modules/js-yaml/lib/js-yaml/schema.js: running...
dexy - INFO - (state:running) 8df56d17c4cc0e475124d3cbba8bc7bd doc:node_modules/grunt/node_modules/js-yaml/lib/js-yaml/dumper.js: running...
dexy - INFO - (state:running) bad69cc29657ba9884b5236c76d0726f doc:node_modules/grunt/node_modules/js-yaml/node_modules/argparse/index.js: running...
dexy - INFO - (state:running) 3c1dcd6a41d39d965758a7f169d6da04 doc:node_modules/grunt-contrib-watch/node_modules/tiny-lr-fork/lib/server.js: running...
dexy - INFO - (state:running) a755dca9f452bbb6215781b58a2797d1 doc:node_modules/grunt/node_modules/grunt-legacy-util/test/fixtures/spawn-multibyte.js: running...
dexy - INFO - (state:running) 2ef1f973fb7059e2a1088dfc0597f25e doc:node_modules/grunt/node_modules/js-yaml/node_modules/argparse/examples/parents.js: running...
dexy - INFO - (state:running) 149687928d7e0442d40eaf5cd9dd9562 doc:node_modules/grunt/node_modules/js-yaml/node_modules/argparse/lib/action.js: running...
dexy - INFO - (state:running) f3abdaa2849f657c452a5c7a694dc159 doc:node_modules/grunt-contrib-compass/tasks/compass.js: running...
dexy - INFO - (state:running) 54252871408bd3a7f2fedbfa9b20b5d7 doc:node_modules/grunt-contrib-watch/node_modules/gaze/node_modules/globule/node_modules/minimatch/node_modules/lru-cache/test/basic.js: running...
dexy - INFO - (state:running) e85fd93e763c54a3ec31980d9d854e85 doc:node_modules/grunt/node_modules/findup-sync/node_modules/lodash/dist/lodash.underscore.min.js: running...
dexy - INFO - (state:running) 873820592badf223bbd08a3c8dc8d11f doc:node_modules/grunt/node_modules/grunt-legacy-log/node_modules/lodash/dist/lodash.min.js: running...
dexy - INFO - (state:running) 254a063cfd960339659dfde6047902ed doc:node_modules/grunt-contrib-watch/node_modules/tiny-lr-fork/node_modules/faye-websocket/lib/faye/websocket/client.js: running...
dexy - INFO - (state:running) b2e4ae73ec937a9bd31ce9122bcf498b doc:node_modules/grunt/node_modules/js-yaml/node_modules/argparse/examples/prefix_chars.js: running...
dexy - INFO - (state:running) 73d8fecac92b02d9e7caaec95d42a262 doc:node_modules/grunt/node_modules/minimatch/test/brace-expand.js: running...
dexy - INFO - (state:running) e7b32bc0a004e66d1ea28f18aa3f5b33 doc:node_modules/grunt/node_modules/grunt-legacy-log/node_modules/underscore.string/test/test_underscore/vendor/jslitmus.js: running...
dexy - INFO - (state:running) 3f6599a9051e3b690fc28ba47f3bdd7b doc:node_modules/grunt-contrib-watch/node_modules/gaze/node_modules/globule/lib/globule.js: running...
dexy - INFO - (state:running) c10a82d11a02f7206cf5fb89497bf712 doc:node_modules/grunt-contrib-watch/node_modules/gaze/node_modules/globule/node_modules/minimatch/test/brace-expand.js: running...
dexy - INFO - (state:running) e869f861c92f42a765f734da02fbb5fc doc:node_modules/grunt/node_modules/js-yaml/lib/js-yaml/schema/default.js: running...
dexy - INFO - (state:running) 9d4dd0523da74ab903bf682671e5f016 doc:node_modules/grunt/node_modules/js-yaml/node_modules/argparse/node_modules/underscore.string/test/test_underscore/functions.js: running...
dexy - INFO - (state:running) dca9aed5a16f72f671fad0e58b5bbd31 doc:node_modules/grunt-contrib-compass/node_modules/dargs/dargs.js: running...
dexy - INFO - (state:running) d1627f0abb91b104ca4b5d20dbd214d4 doc:node_modules/grunt/node_modules/underscore.string/test/strings_standalone.js: running...
dexy - INFO - (state:running) 4bc72d840b964088c02aa1a5085ea8e0 doc:node_modules/grunt-contrib-watch/node_modules/gaze/node_modules/globule/node_modules/lodash/vendor/tar/vendor/fstream/lib/link-writer.js: running...
dexy - INFO - (state:running) 530932c273682bfefb9a6689c0707cac doc:node_modules/grunt/node_modules/js-yaml/node_modules/argparse/node_modules/underscore.string/test/strings_standalone.js: running...
dexy - INFO - (state:running) de236fe86112f23911fb46a5921e1df2 doc:node_modules/grunt/node_modules/coffee-script/lib/coffee-script/scope.js: running...
dexy - INFO - (state:running) caf21fe454d8e9d6178140dbc31ad2c1 doc:node_modules/grunt-contrib-watch/node_modules/gaze/node_modules/globule/node_modules/lodash/dist/lodash.min.js: running...
dexy - INFO - (state:running) 9109f769c6ae38dc433729218340ab84 doc:node_modules/grunt/node_modules/grunt-legacy-log/node_modules/lodash/dist/lodash.underscore.js: running...
dexy - INFO - (state:running) f9aab4abc78960ef356e4edd7dcdb3a0 doc:node_modules/grunt-contrib-watch/node_modules/gaze/node_modules/globule/node_modules/glob/test/zz-cleanup.js: running...
dexy - INFO - (state:running) 00a610e4287b40988729d96b147f71ea doc:node_modules/grunt/node_modules/nopt/lib/nopt.js: running...
dexy - INFO - (state:running) 6eb715722bfd823c6e8e87bde2e84778 doc:node_modules/grunt/node_modules/js-yaml/node_modules/esprima/bin/esvalidate.js: running...
dexy - INFO - (state:running) 265ef9509015db6f6cd6cb03e934d04f doc:node_modules/grunt-contrib-watch/node_modules/tiny-lr-fork/node_modules/noptify/index.js: running...
dexy - INFO - (state:running) 49880fbeefc0a1421c470d2557bd42f7 doc:node_modules/grunt-contrib-watch/node_modules/tiny-lr-fork/node_modules/faye-websocket/lib/faye/websocket/hybi_parser/stream_reader.js: running...
dexy - INFO - (state:running) 80cf708e87d62de20695e9095b9aaffe doc:node_modules/grunt/node_modules/lodash/vendor/tar/vendor/fstream/lib/file-reader.js: running...
dexy - INFO - (state:running) 16ce98f6a70098153414890c62d58efe doc:node_modules/grunt/node_modules/findup-sync/node_modules/glob/node_modules/minimatch/test/extglob-ending-with-state-char.js: running...
dexy - INFO - (state:running) e4acccaa664f0bdebbbd14686178e625 doc:node_modules/grunt/node_modules/lodash/vendor/tar/lib/buffer-entry.js: running...
dexy - INFO - (state:running) 26fcdb83458f608d3722dec7b2ad4fa3 doc:node_modules/grunt/node_modules/glob/test/root.js: running...
dexy - INFO - (state:running) 0294156035ae046e3519c73bfe2beb8e doc:node_modules/grunt/node_modules/js-yaml/lib/js-yaml/type/timestamp.js: running...
dexy - INFO - (state:running) 0c67972014aaf9321ec1341f8758b023 doc:node_modules/grunt-contrib-compass/tasks/lib/compass.js: running...
dexy - INFO - (state:running) a49aa7b558423f6715cfaee81bbff495 doc:node_modules/grunt/node_modules/iconv-lite/encodings/big5.js: running...
dexy - INFO - (state:running) bd2698298303dc1e102cdf9ecedf1bfd doc:node_modules/grunt-contrib-watch/node_modules/gaze/node_modules/globule/node_modules/minimatch/test/caching.js: running...
dexy - INFO - (state:running) e4e2044aed5d2af831f6a882c8128a48 doc:node_modules/grunt/node_modules/findup-sync/node_modules/glob/node_modules/inherits/inherits.js: running...
dexy - INFO - (state:running) ab1ec23d1d99121cb80acdaaead9d450 doc:node_modules/grunt-contrib-watch/node_modules/gaze/node_modules/globule/node_modules/minimatch/node_modules/sigmund/bench.js: running...
dexy - INFO - (state:running) fc1f7377327f9af3a5669ce3eb9c5f50 doc:node_modules/grunt-contrib-watch/node_modules/gaze/node_modules/globule/node_modules/lodash/vendor/tar/vendor/fstream/lib/get-type.js: running...
dexy - INFO - (state:running) c2a736bc68008fec845063df9b655126 doc:node_modules/grunt/node_modules/minimatch/node_modules/sigmund/test/basic.js: running...
dexy - INFO - (state:running) c3645eb6062435ac8554935718f76b3d doc:node_modules/grunt-contrib-watch/node_modules/tiny-lr-fork/node_modules/qs/test/stringify.js: running...
dexy - INFO - (state:running) 010ca4aba378224c88205858cf6b288e doc:node_modules/grunt/node_modules/underscore.string/test/test_underscore/vendor/qunit.js: running...
dexy - INFO - (state:running) 954b7a79e4eff98127cc5e7c20fba748 doc:node_modules/grunt/node_modules/findup-sync/node_modules/glob/node_modules/minimatch/node_modules/sigmund/test/basic.js: running...
dexy - INFO - (state:running) 59b5736a296bb2c8f7c017ccf517ce0e doc:node_modules/grunt-contrib-watch/node_modules/gaze/node_modules/globule/node_modules/minimatch/test/defaults.js: running...
dexy - INFO - (state:running) 61ff7b86238a486034f0aa15780f2776 doc:node_modules/grunt-contrib-watch/node_modules/gaze/node_modules/globule/test/fixtures/expand/js/foo.js: running...
dexy - INFO - (state:running) a821fd78327a6d290e71bed4ff073161 doc:node_modules/grunt-contrib-watch/node_modules/gaze/node_modules/globule/node_modules/glob/node_modules/inherits/inherits.js: running...
dexy - INFO - (state:running) 96835a918b14caf4559789a364dd0dfb doc:node_modules/grunt-contrib-watch/node_modules/gaze/node_modules/globule/node_modules/glob/test/root-nomount.js: running...
dexy - INFO - (state:running) 88b60939d6d4e8fc3fc33a5674d2930a doc:node_modules/grunt/node_modules/underscore.string/test/underscore.js: running...
dexy - INFO - (state:running) b20d7327e065990a53d45c13ad904e30 doc:node_modules/grunt/node_modules/js-yaml/lib/js-yaml/type/js/undefined.js: running...
dexy - INFO - (state:running) 44dd30731aea63b9eaa5d21699162c8a doc:node_modules/grunt/node_modules/lodash/build/post-compile.js: running...
dexy - INFO - (state:running) 9af22c728184c2534d62cbc7c9031f17 doc:node_modules/grunt-contrib-watch/node_modules/gaze/node_modules/globule/node_modules/glob/test/pause-resume.js: running...
dexy - INFO - (state:running) 4aef03d7b40b01e9a0b6d85daf041e6b doc:node_modules/grunt/node_modules/lodash/vendor/tar/vendor/fstream/lib/reader.js: running...
dexy - INFO - (state:running) 8a9b39b3079f46ecf7cdbd614afd50a2 doc:node_modules/grunt-contrib-watch/node_modules/gaze/node_modules/globule/node_modules/minimatch/node_modules/lru-cache/lib/lru-cache.js: running...
dexy - INFO - (state:running) f89df6bbc4c59aad57f72d8225ac080e doc:node_modules/grunt/node_modules/grunt-legacy-log/node_modules/lodash/dist/lodash.compat.js: running...
dexy - INFO - (state:running) ceb2f98da244a625275e54fb8035ae84 doc:node_modules/grunt/node_modules/grunt-legacy-util/test/fixtures/Gruntfile-execArgv.js: running...
dexy - INFO - (state:running) 12fe333b29eb7f177923dd5cf891d291 doc:node_modules/grunt/node_modules/js-yaml/lib/js-yaml/type/js/function.js: running...
dexy - INFO - (state:running) 8b88b47b3e4133d4e3dadd84005787ed doc:node_modules/grunt-contrib-watch/node_modules/tiny-lr-fork/node_modules/faye-websocket/spec/faye/websocket/draft75parser_spec.js: running...
dexy - INFO - (state:running) d7ef4a40b421ffe6fd7151b5c8859bb5 doc:node_modules/grunt-contrib-watch/node_modules/gaze/node_modules/globule/node_modules/lodash/vendor/tar/vendor/rimraf/rimraf.js: running...
dexy - INFO - (state:running) 1c47e9d70628d926ea71891674183688 doc:node_modules/grunt/node_modules/js-yaml/index.js: running...
dexy - INFO - (state:running) d7784779be67700a5d887f7bb8c57568 doc:node_modules/grunt/node_modules/underscore.string/dist/underscore.string.min.js: running...
dexy - INFO - (state:running) 17a774b5512754c7ad5123b55ac9e656 doc:node_modules/grunt/node_modules/rimraf/bin.js: running...
dexy - INFO - (state:running) 40de5e51ec8adaa7db261da6aa410cf4 doc:node_modules/grunt/node_modules/glob/test/zz-cleanup.js: running...
dexy - INFO - (state:running) 373bc9fa0550818b11afa5464e2c7e5b doc:node_modules/grunt/node_modules/js-yaml/node_modules/esprima/test/test.js: running...
dexy - INFO - (state:running) 93777d4969cf96f128c7c81a9462d7e9 doc:node_modules/grunt/node_modules/lodash/vendor/tar/vendor/fstream/fstream.js: running...
dexy - INFO - (state:running) 68f85c044d2ab6a56a9ecbd8c7349a3b doc:node_modules/grunt/node_modules/underscore.string/test/test_underscore/speed.js: running...
dexy - INFO - (state:running) 4b203cee9a1125e63c40c3d4ec88e363 doc:node_modules/grunt/node_modules/glob/test/mark.js: running...
dexy - INFO - (state:running) 67cbd878ce12235e2ca6f95e6fed81ed doc:node_modules/grunt/node_modules/underscore.string/test/test_underscore/arrays.js: running...
dexy - INFO - (state:running) a25b4eeed3cbf51b0fd6d063f06b758e doc:node_modules/grunt/node_modules/lodash/vendor/tar/vendor/block-stream/block-stream.js: running...
dexy - INFO - (state:running) a57f3e5288b15b7027a5e3b0131a1b96 doc:node_modules/grunt-contrib-watch/node_modules/tiny-lr-fork/node_modules/faye-websocket/spec/faye/websocket/hybi_parser_spec.js: running...
dexy - INFO - (state:running) bb42b06de7d3f6c0c1ead853ed2d0bb5 doc:node_modules/grunt/node_modules/findup-sync/node_modules/glob/node_modules/minimatch/test/brace-expand.js: running...
dexy - INFO - (state:running) fc074b244871aecd247e4b4e30df0d49 doc:node_modules/grunt-contrib-watch/node_modules/gaze/node_modules/globule/Gruntfile.js: running...
dexy - INFO - (state:running) 2f14b8e4af06d71e511300618055d389 doc:node_modules/grunt/node_modules/js-yaml/lib/js-yaml/type/seq.js: running...
dexy - INFO - (state:running) f55350a535206e02a9adf503d4e5ab6f doc:node_modules/grunt/node_modules/findup-sync/test/findup-sync_test.js: running...
dexy - INFO - (state:running) b29a3d7f6a16ac2663e984508e19965f doc:node_modules/grunt-contrib-watch/node_modules/gaze/node_modules/globule/node_modules/glob/test/00-setup.js: running...
dexy - INFO - (state:running) 32254a68abba2441cc032e970f2eba47 doc:node_modules/grunt/node_modules/grunt-legacy-log/node_modules/underscore.string/test/run-qunit.js: running...
dexy - INFO - (state:running) d50bc8a14dd21c3a9cf8db4da4151aab doc:node_modules/grunt/node_modules/js-yaml/node_modules/argparse/node_modules/underscore.string/test/test_underscore/chaining.js: running...
dexy - INFO - (state:running) 7fbb07a4de18db3a4f6b70c572e3d929 doc:node_modules/grunt-contrib-watch/node_modules/lodash/dist/lodash.underscore.min.js: running...
dexy - INFO - (state:running) 466bb2ac0122be180448c235bbd3056e doc:node_modules/grunt/node_modules/underscore.string/lib/underscore.string.js: running...
dexy - INFO - (state:running) 2a9c649482ea46feb28cd49bdf52297f doc:node_modules/grunt-contrib-watch/node_modules/gaze/node_modules/globule/node_modules/lodash/vendor/qunit/qunit/qunit.js: running...
dexy - INFO - (state:running) 18c04e9bdf3223af2c6a475fe7ce667d doc:node_modules/grunt/node_modules/js-yaml/node_modules/argparse/lib/action/store.js: running...
dexy - INFO - (state:running) eaf3ed01b1f86921132e77c1dacecfdd doc:node_modules/grunt/node_modules/findup-sync/node_modules/glob/node_modules/inherits/test.js: running...
dexy - INFO - (state:running) 1c036f8f448a029b9830be135a3f9934 doc:node_modules/grunt/node_modules/minimatch/test/caching.js: running...
dexy - INFO - (state:running) c163ac4a034cdfadcdb5c83b9d258d66 doc:node_modules/grunt/node_modules/glob/glob.js: running...
dexy - INFO - (state:running) 9e7988afca9a6dde3b2ad6d24c8657fd doc:node_modules/grunt-contrib-watch/node_modules/gaze/node_modules/globule/node_modules/lodash/perf/perf.js: running...
dexy - INFO - (state:running) 008a59ff532f85206b342bd6a345753a doc:node_modules/grunt/lib/grunt/option.js: running...
dexy - INFO - (state:running) fa9c2d07e20a735ff3e53fff56cf05bf doc:node_modules/grunt-contrib-watch/node_modules/gaze/node_modules/globule/node_modules/lodash/vendor/tar/vendor/fstream/lib/abstract.js: running...
dexy - INFO - (state:running) 98f1101e102cc9dca9e29c503d0d26b8 doc:node_modules/grunt/node_modules/js-yaml/node_modules/argparse/node_modules/underscore.string/test/test_underscore/utility.js: running...
dexy - INFO - (state:running) e352a2444cc1a381a4f2cd87c481b4c2 doc:node_modules/grunt/node_modules/js-yaml/node_modules/argparse/node_modules/underscore.string/test/test_underscore/vendor/jslitmus.js: running...
dexy - INFO - (state:running) 533673e0830515cc45ef658934655159 doc:node_modules/grunt-contrib-watch/node_modules/gaze/node_modules/globule/node_modules/minimatch/node_modules/lru-cache/test/foreach.js: running...
dexy - INFO - (state:running) e43a164b893eba86b80853b1affc0891 doc:node_modules/grunt/node_modules/iconv-lite/test/greek-test.js: running...
dexy - INFO - (state:running) 33faf14860a9b0a2f0c0cae6acd54c12 doc:node_modules/grunt/node_modules/findup-sync/node_modules/lodash/dist/lodash.min.js: running...
dexy - INFO - (state:running) 06906dcb2f4e25a87cda8e2277440530 doc:node_modules/grunt/node_modules/lodash/vendor/tar/lib/global-header-writer.js: running...
dexy - INFO - (state:running) ccda65027e31e8ed1b48769b50fa1aa5 doc:node_modules/grunt/node_modules/lodash/vendor/tar/lib/extended-header-writer.js: running...
dexy - INFO - (state:running) 2db50bfd90223c699b1a2247a2168fe4 doc:node_modules/grunt/node_modules/js-yaml/node_modules/argparse/node_modules/underscore.string/test/test_underscore/vendor/jquery.js: running...
dexy - INFO - (state:running) a79e4fe435d6b835b527190cdb0f53d6 doc:node_modules/grunt-contrib-watch/node_modules/lodash/dist/lodash.compat.min.js: running...
dexy - INFO - (state:running) bb7776071f95aa4ee3e4f4ca3d2123e5 doc:node_modules/grunt/node_modules/findup-sync/node_modules/glob/examples/g.js: running...
dexy - INFO - (state:running) 585c612b4cbcd20dd7389e133dd0ff0b doc:node_modules/grunt/node_modules/grunt-legacy-log/node_modules/lodash/lodash.js: running...
dexy - INFO - (state:running) 07094c582c2f3fea7b9aa7b83abbb8dc doc:node_modules/grunt/node_modules/js-yaml/node_modules/esprima/test/reflect.js: running...
dexy - INFO - (state:running) d49d245ebe7f9a28e906e8b0c5fc45ae doc:node_modules/grunt/node_modules/coffee-script/lib/coffee-script/grammar.js: running...
dexy - INFO - (state:running) a54666c2378e05c036fe2b9bd01b79a8 doc:node_modules/grunt-contrib-watch/node_modules/tiny-lr-fork/test/client.js: running...
dexy - INFO - (state:running) 4c410ed0d070441e283e27f974959111 doc:node_modules/grunt/node_modules/grunt-legacy-log/node_modules/underscore.string/test/test_underscore/vendor/qunit.js: running...
dexy - INFO - (state:running) d5773bddc72d4949a69ca9c8546dc6c9 doc:node_modules/grunt-contrib-watch/node_modules/gaze/node_modules/globule/node_modules/lodash/vendor/tar/vendor/block-stream/block-stream.js: running...
dexy - INFO - (state:running) 65e40277f9607d3e0659a3f9ccd7ebdc doc:node_modules/grunt-contrib-watch/node_modules/gaze/node_modules/globule/node_modules/glob/node_modules/graceful-fs/test/open.js: running...
dexy - INFO - (state:running) 6411e84218c4d8d64c7fd432ec4892d0 doc:node_modules/grunt/node_modules/grunt-legacy-log/node_modules/lodash/dist/lodash.underscore.min.js: running...
dexy - INFO - (state:running) 8f66dae5cd4f2431a91e20bba9f8caa8 doc:node_modules/grunt-contrib-watch/node_modules/tiny-lr-fork/node_modules/qs/index.js: running...
dexy - INFO - (state:running) 8f88eaf21c96c09c2f9c759ea11a63d5 doc:node_modules/grunt/node_modules/js-yaml/node_modules/argparse/lib/const.js: running...
dexy - INFO - (state:running) 71bfb23c7b767a65d46c789b6eaf977b doc:node_modules/grunt/node_modules/iconv-lite/encodings/gbk.js: running...
dexy - INFO - (state:running) 78e0af0ab9f3b7651373352931c1c51f doc:node_modules/grunt-contrib-watch/tasks/lib/taskrunner.js: running...
dexy - INFO - (state:running) f6c6ed352a57742c0b1fc83a6615388f doc:node_modules/grunt/node_modules/lodash/vendor/tar/lib/extended-header.js: running...
dexy - INFO - (state:running) 140a5fe1f540d7696b472b6546e82679 doc:node_modules/grunt/node_modules/grunt-legacy-log/node_modules/underscore.string/test/test_underscore/objects.js: running...
dexy - INFO - (state:running) 8d16a8a284f8cacd808cc92a7b671bf9 doc:node_modules/grunt/node_modules/hooker/child.js: running...
dexy - INFO - (state:running) 9a3f3c121a906e930461633dfebaaa7f doc:node_modules/grunt/node_modules/grunt-legacy-log/node_modules/underscore.string/test/test_underscore/collections.js: running...
dexy - INFO - (state:running) b8a06945bea78b900c23d870f29644d1 doc:node_modules/grunt/node_modules/js-yaml/node_modules/argparse/node_modules/underscore.string/lib/underscore.string.js: running...
dexy - INFO - (state:running) 098aca972d59c8772f62042433c68021 doc:node_modules/grunt/node_modules/js-yaml/node_modules/argparse/lib/action/store/constant.js: running...
dexy - INFO - (state:running) f4c391ce8bd955d74b6e13a93d753f43 doc:node_modules/grunt/node_modules/js-yaml/lib/js-yaml/type/set.js: running...
dexy - INFO - (state:running) e87a0f0a57444c8ac42fb52704458a08 doc:node_modules/grunt-contrib-watch/node_modules/tiny-lr-fork/lib/public/livereload.js: running...
dexy - INFO - (state:running) 92342f4b541231def2ad4eead9463310 doc:node_modules/grunt-contrib-watch/node_modules/gaze/node_modules/globule/node_modules/lodash/build.js: running...
dexy - INFO - (state:running) 6193da4be3142bdfcb82d3d8a45da79a doc:node_modules/grunt/node_modules/grunt-legacy-util/test/fixtures/spawn.js: running...
dexy - INFO - (state:running) 6e0de33e71cd6904d87757e7e5b2b48b doc:node_modules/grunt/node_modules/js-yaml/lib/js-yaml/schema/safe.js: running...
dexy - INFO - (state:running) 469b9dcef714d00bc2addd6d2516026a doc:node_modules/grunt-contrib-watch/node_modules/async/lib/async.js: running...
dexy - INFO - (state:running) be09ea04301d7ee4394325bdb260acbe doc:node_modules/grunt/node_modules/grunt-legacy-log/node_modules/underscore.string/test/test_underscore/arrays.js: running...
dexy - INFO - (state:running) 2af3559c111ff9d8c13dfb0ba5a51342 doc:node_modules/grunt/node_modules/js-yaml/lib/js-yaml/schema/minimal.js: running...
dexy - INFO - (state:running) 1df97a94adb55b2c9069ee0d06c9ad61 doc:node_modules/grunt/node_modules/grunt-legacy-log/node_modules/underscore.string/test/test_underscore/vendor/jquery.js: running...
dexy - INFO - (state:running) ac21bc24613960616c41e597e17b39fc doc:node_modules/grunt/lib/grunt/config.js: running...
dexy - INFO - (state:running) 06b98a57df7ce067ba5e5905685a044f doc:node_modules/grunt-contrib-watch/node_modules/tiny-lr-fork/node_modules/noptify/test/fixtures/b.js: running...
dexy - INFO - (state:running) f0b9e42799f4e156241cdde9a6707ca4 doc:node_modules/grunt/lib/grunt/event.js: running...
dexy - INFO - (state:running) c33e355ada2616173726393af37c5f07 doc:node_modules/grunt-contrib-watch/node_modules/tiny-lr-fork/node_modules/faye-websocket/examples/autobahn_client.js: running...
dexy - INFO - (state:running) 925da9c251534e837d4f832e30d6aafe doc:node_modules/grunt/node_modules/underscore.string/test/speed.js: running...
dexy - INFO - (state:running) fcb6e77f364002573e0a2cd87aa52d1b doc:node_modules/grunt/node_modules/iconv-lite/test/big5-test.js: running...
dexy - INFO - (state:running) ad45a877bfa5e499812d6f1d2d09acb0 doc:node_modules/grunt-contrib-watch/node_modules/tiny-lr-fork/node_modules/faye-websocket/lib/faye/websocket/api/event_target.js: running...
dexy - INFO - (state:running) e05bc0cd1eb83296c690fb353dab6bf1 doc:node_modules/grunt/node_modules/lodash/vendor/tar/vendor/fstream/lib/get-type.js: running...
dexy - INFO - (state:running) 24e1e5dbe4fc5985c2a8fea4ad4fd19d doc:node_modules/grunt-contrib-watch/node_modules/tiny-lr-fork/node_modules/noptify/test/api.js: running...
dexy - INFO - (state:running) 303b9f965ed6e153fd8487bd844c761e doc:node_modules/grunt/node_modules/iconv-lite/test/turkish-test.js: running...
dexy - INFO - (state:running) a6d8e1b7e10fa32251921ff3700e9891 doc:node_modules/grunt/node_modules/js-yaml/lib/js-yaml/type/bool.js: running...
dexy - INFO - (state:running) a9acb9d419a0ab480c533c8fcd52f5fb doc:node_modules/grunt/node_modules/hooker/parent.js: running...
dexy - INFO - (state:running) 233deab651a8861132f014dcd1ea7db9 doc:node_modules/grunt/node_modules/underscore.string/test/run-qunit.js: running...
dexy - INFO - (state:running) 554e8e57450e6bdcf02ff3f75ff4a635 doc:node_modules/grunt/node_modules/grunt-legacy-util/Gruntfile.js: running...
dexy - INFO - (state:running) d2169b0271aa2c310d8b6e9ca12695c7 doc:node_modules/grunt-contrib-watch/node_modules/tiny-lr-fork/test/middleware.js: running...
dexy - INFO - (state:running) 30fb60d21f9a4ceeaaf1b2532a5d9c11 doc:node_modules/grunt-contrib-watch/node_modules/lodash/dist/lodash.js: running...
dexy - INFO - (state:running) c4d7e4b56986473f22974f983000810e doc:node_modules/grunt/node_modules/exit/test/fixtures/log.js: running...
dexy - INFO - (state:running) 26fc7e488b835e020b40e30a1498727d doc:node_modules/grunt/node_modules/lodash/vendor/tar/lib/header.js: running...
dexy - INFO - (state:running) 3230fae3d19693abdac08780aaf37221 doc:node_modules/grunt/node_modules/js-yaml/node_modules/argparse/lib/action/count.js: running...
dexy - INFO - (state:running) 7b4bdfa4529c9380df94cc02c16e5f77 doc:node_modules/grunt/node_modules/findup-sync/node_modules/glob/node_modules/minimatch/node_modules/lru-cache/test/memory-leak.js: running...
dexy - INFO - (state:running) 2543752d413a9e25216ee5293951e021 doc:node_modules/grunt/node_modules/rimraf/rimraf.js: running...
dexy - INFO - (state:running) 35724fbe1752a1eaf14371b483faeee3 doc:node_modules/grunt/node_modules/glob/node_modules/graceful-fs/graceful-fs.js: running...
dexy - INFO - (state:running) 962ed731cf9da00848396da29232f92d doc:node_modules/grunt-contrib-watch/node_modules/tiny-lr-fork/node_modules/qs/test/browser/expect.js: running...
dexy - INFO - (state:running) 3662e8d24105aa108e8e0258bdd18d7d doc:node_modules/grunt/lib/grunt/fail.js: running...
dexy - INFO - (state:running) 26f60346941f5ee263275f7f61936415 doc:node_modules/grunt-contrib-watch/node_modules/gaze/node_modules/globule/node_modules/glob/node_modules/graceful-fs/test/ulimit.js: running...
dexy - INFO - (state:running) 276f9fbfddc9a067e5d98f8691cd752a doc:node_modules/grunt/node_modules/js-yaml/node_modules/argparse/lib/argument_parser.js: running...
dexy - INFO - (state:running) 6a1131873f5b914295dc54b8b0ebc740 doc:node_modules/grunt-contrib-watch/node_modules/lodash/lodash.js: running...
dexy - INFO - (state:running) 13d043bfc4be4c35e9a57d566a64123e doc:node_modules/grunt-contrib-watch/node_modules/tiny-lr-fork/node_modules/noptify/node_modules/nopt/node_modules/abbrev/abbrev.js: running...
dexy - INFO - (state:running) 91a36e09823fdf4e8ebb04689736e7dc doc:node_modules/grunt/node_modules/grunt-legacy-log/node_modules/lodash/dist/lodash.compat.min.js: running...
dexy - INFO - (state:running) 48aeebd96e805cf6bbb358efb917ba73 doc:node_modules/grunt/node_modules/lodash/build/pre-compile.js: running...
dexy - INFO - (state:running) 1e9dcf81df7bc4cbe6e9fc41d325206b doc:node_modules/grunt-contrib-watch/node_modules/tiny-lr-fork/node_modules/qs/test/browser/jquery.js: running...
dexy - INFO - (state:running) 21705db91b8b91d81ca60a270b8f51ac doc:node_modules/grunt-contrib-watch/tasks/lib/livereload.js: running...
dexy - INFO - (state:running) 7846bc7f6a6852d57b2166dbfdc9ab23 doc:node_modules/grunt/node_modules/lodash/lodash.underscore.min.js: running...
dexy - INFO - (state:running) c9164f5f020fbe8a219c7924c34984e4 doc:node_modules/grunt/node_modules/js-yaml/node_modules/argparse/node_modules/underscore/underscore.js: running...
dexy - INFO - (state:running) e5c58a75591fefa8c41fe183f47f6fe9 doc:node_modules/grunt-contrib-watch/node_modules/gaze/node_modules/globule/node_modules/glob/examples/usr-local.js: running...
dexy - INFO - (state:running) 00c7b21f246531dfe1f5fda9c8c0ffc8 doc:node_modules/grunt-contrib-watch/node_modules/tiny-lr-fork/node_modules/qs/test/browser/mocha.js: running...
dexy - INFO - (state:running) 3a2f91a442722def2e76b63231b73332 doc:node_modules/grunt/node_modules/exit/test/exit_test.js: running...
dexy - INFO - (state:running) 989c3a4c4bfc0947ca1e1318987d20bc doc:node_modules/grunt/node_modules/dateformat/test/test_weekofyear.js: running...
dexy - INFO - (state:running) 8efeb2290f464442a594932a9c1eba22 doc:node_modules/grunt/node_modules/js-yaml/node_modules/argparse/node_modules/underscore.string/test/test_underscore/arrays.js: running...
dexy - INFO - (state:running) f43e062cfa0fda2180767edf99905c00 doc:node_modules/grunt-contrib-watch/node_modules/gaze/node_modules/globule/node_modules/lodash/build/post-compile.js: running...
dexy - INFO - (state:running) 10d76b0daf5fc00256cebe9f825c007c doc:node_modules/grunt/node_modules/js-yaml/node_modules/argparse/examples/testformatters.js: running...
dexy - INFO - (state:running) 724f49db40a7a621a72fda8e310822c6 doc:node_modules/grunt-contrib-watch/node_modules/gaze/node_modules/globule/node_modules/lodash/vendor/tar/vendor/fstream/lib/link-reader.js: running...
dexy - INFO - (state:running) b1f1dde034f55fc21b27c78dbca9b9e7 doc:node_modules/grunt-contrib-watch/node_modules/tiny-lr-fork/node_modules/faye-websocket/lib/faye/websocket/draft76_parser.js: running...
dexy - INFO - (state:running) 486b6ef44c681f53cb0b17f4fb1bbb54 doc:node_modules/grunt/node_modules/grunt-legacy-log/Gruntfile.js: running...
dexy - INFO - (state:running) e8ea8ff39f3cc7ca5c0a11f10df30c68 doc:node_modules/grunt/node_modules/js-yaml/examples/sample_document.js: running...
dexy - INFO - (state:running) bcb45f67408c6c401b4f87f177c10731 doc:node_modules/grunt/lib/grunt/cli.js: running...
dexy - INFO - (state:running) fc689cca34acfa104e9caf3710eb5c42 doc:node_modules/grunt/node_modules/glob/node_modules/inherits/inherits.js: running...
dexy - INFO - (state:running) 7a00e7960381bc3a205b3b2ec211cad6 doc:node_modules/grunt/node_modules/glob/test/00-setup.js: running...
dexy - INFO - (state:running) 6503f71f5a1a2465e078e278a00c84b9 doc:node_modules/grunt-contrib-watch/tasks/watch.js: running...
dexy - INFO - (state:running) b0a7fc950ebea336ae49a2a6fa285493 doc:node_modules/grunt/node_modules/js-yaml/node_modules/esprima/test/run.js: running...
dexy - INFO - (state:running) 287af407b0b2e7c7b9150caf224d0528 doc:node_modules/grunt-contrib-watch/node_modules/gaze/node_modules/globule/node_modules/lodash/vendor/tar/lib/extract.js: running...
dexy - INFO - (state:running) 87f62cd56f44068c4237b4255527207b doc:node_modules/grunt/node_modules/findup-sync/node_modules/glob/node_modules/minimatch/test/basic.js: running...
dexy - INFO - (state:running) af890b8a49c380a7060d37fd4384af0f doc:node_modules/grunt/node_modules/js-yaml/node_modules/argparse/lib/action/store/false.js: running...
dexy - INFO - (state:running) b77272aacfa22e2b62707874d15ca088 doc:node_modules/grunt/node_modules/js-yaml/lib/js-yaml/type/float.js: running...
dexy - INFO - (state:running) cca030f511640b187a1484f8670568f9 doc:node_modules/grunt/node_modules/lodash/lodash.js: running...
dexy - INFO - (state:running) 7dd1115104ba545976b917852f51d1e5 doc:node_modules/grunt/node_modules/iconv-lite/encodings/table/gbk.js: running...
dexy - INFO - (state:running) 7a4e3e0c44ae2ce162bd693bcffe8334 doc:node_modules/grunt/node_modules/async/index.js: running...
dexy - INFO - (state:running) ed6be520211f71fd1f174c63745a7f89 doc:node_modules/grunt/node_modules/js-yaml/node_modules/esprima/test/runner.js: running...
dexy - INFO - (state:running) 948711ef09b7f6de0ad5c65b20e1371a doc:node_modules/grunt-contrib-watch/node_modules/gaze/node_modules/globule/node_modules/lodash/vendor/benchmark.js/benchmark.js: running...
dexy - INFO - (state:running) f47e6a15ff6c51004a3e9f3c2497ba02 doc:node_modules/grunt/node_modules/js-yaml/node_modules/argparse/lib/action/help.js: running...
dexy - INFO - (state:running) 09ccf05c2e92c1e1111c063a51266403 doc:node_modules/grunt-contrib-watch/node_modules/gaze/node_modules/globule/node_modules/lodash/vendor/tar/vendor/fstream/lib/reader.js: running...
dexy - INFO - (state:running) e58bcc79646ce51668e6afe972a6caae doc:node_modules/grunt/node_modules/colors/colors.js: running...
dexy - INFO - (state:running) f21fb4934e42a2e72631cca646c1251a doc:node_modules/grunt/node_modules/lodash/vendor/tar/vendor/fstream/lib/writer.js: running...
dexy - INFO - (state:running) fbcc7ffb493678fc4216693288ed702c doc:node_modules/grunt/node_modules/minimatch/test/defaults.js: running...
dexy - INFO - (state:running) d9fab0e4b04ad693e22818d7738f148f doc:node_modules/grunt/node_modules/lodash/lodash.min.js: running...
dexy - INFO - (state:running) 02d56deba06c189d210d3bc3578f9f94 doc:node_modules/grunt-contrib-watch/node_modules/tiny-lr-fork/node_modules/faye-websocket/lib/faye/eventsource.js: running...
dexy - INFO - (state:running) 534168e5f33674d13e19a6eec3ae0eee doc:node_modules/grunt/node_modules/underscore.string/test/test_underscore/functions.js: running...
dexy - INFO - (state:running) 5b6fefa19520728187f939772a91ef85 doc:node_modules/grunt/node_modules/hooker/dist/ba-hooker.js: running...
dexy - INFO - (state:running) 3dbc152a9993d572fba43f7c2fb0041c doc:node_modules/grunt/node_modules/grunt-legacy-log/test/index.js: running...
dexy - INFO - (state:running) ec5b8f8d188ff520126494155de2d705 doc:node_modules/grunt/node_modules/js-yaml/lib/js-yaml/type/merge.js: running...
dexy - INFO - (state:running) aa7a099f43ae8714c2208fc752cf834e doc:node_modules/grunt-contrib-watch/node_modules/gaze/node_modules/globule/node_modules/minimatch/node_modules/sigmund/sigmund.js: running...
dexy - INFO - (state:running) dfeadc7764362b4d272b7c3c7f7137f3 doc:node_modules/grunt-contrib-watch/node_modules/tiny-lr-fork/node_modules/noptify/util/extend.js: running...
dexy - INFO - (state:running) dcaab67327fc63a25a96320b315786f5 doc:node_modules/grunt-contrib-watch/node_modules/tiny-lr-fork/node_modules/faye-websocket/lib/faye/websocket/hybi_parser.js: running...
dexy - INFO - (state:running) d4203666a58e7ed90a0dcd55645c4e49 doc:node_modules/grunt/node_modules/js-yaml/node_modules/argparse/lib/argument/group.js: running...
dexy - INFO - (state:running) d98bacf43898eb7b9e8b421fdcb668c3 doc:node_modules/grunt/node_modules/iconv-lite/generation/generate-singlebyte.js: running...
dexy - INFO - (state:running) 29abbe0ede97799dabe493d4e6208bbf doc:node_modules/grunt/node_modules/minimatch/node_modules/lru-cache/test/memory-leak.js: running...
dexy - INFO - (state:running) 4d62b16be8b2e3dcca08e06dfc68ecc8 doc:node_modules/grunt/node_modules/glob/examples/usr-local.js: running...
dexy - INFO - (state:running) 224683099ecfb4a9ff2d40a70d5dc8f7 doc:node_modules/grunt-contrib-watch/node_modules/gaze/node_modules/globule/node_modules/lodash/vendor/tar/lib/pack.js: running...
dexy - INFO - (state:running) 7acce88a950b50cb9631bf646160c192 doc:node_modules/grunt/node_modules/coffee-script/lib/coffee-script/lexer.js: running...
dexy - INFO - (state:running) a770fd3e4629b137e5ecd9efcec8e5f1 doc:node_modules/grunt/node_modules/findup-sync/node_modules/glob/test/bash-comparison.js: running...
dexy - INFO - (state:running) e2117366398de99da743a5ed65dc1dba doc:node_modules/grunt/node_modules/js-yaml/lib/js-yaml/type/binary.js: running...
dexy - INFO - (state:running) 27c9b9a4fc0eada9f4b0eee70f5d53e2 doc:screenshots.js: running...
dexy - INFO - (state:running) 570cde570a5c071eb390622861c48f94 doc:node_modules/grunt/node_modules/findup-sync/node_modules/glob/node_modules/minimatch/node_modules/lru-cache/lib/lru-cache.js: running...
dexy - INFO - (state:running) 191e752d9481b4681015d18fadda8c1f doc:node_modules/grunt-contrib-watch/node_modules/gaze/node_modules/globule/node_modules/glob/node_modules/graceful-fs/graceful-fs.js: running...
dexy - INFO - (state:running) b2bf68a372e1a54521783329733b2cdd doc:node_modules/grunt/node_modules/minimatch/node_modules/sigmund/sigmund.js: running...
dexy - INFO - (state:running) d762379a20546b901be08bebcb7195ba doc:node_modules/grunt/node_modules/js-yaml/examples/custom_types.js: running...
dexy - INFO - (state:running) f50c9644d9576aa99816577297dd14a7 doc:node_modules/grunt/node_modules/lodash/vendor/tar/vendor/fstream/lib/abstract.js: running...
dexy - INFO - (state:running) 4de8bfc0c12ca2558eff8935167c4dc6 doc:node_modules/grunt-contrib-watch/node_modules/gaze/node_modules/globule/node_modules/glob/test/bash-comparison.js: running...
dexy - INFO - (state:running) 118486d94264cf1771ad844c4929a341 doc:node_modules/grunt/node_modules/lodash/vendor/tar/vendor/rimraf/rimraf.js: running...
dexy - INFO - (state:running) 9ab8f88628ff29fb376d33951cb8762c doc:node_modules/grunt-contrib-watch/node_modules/gaze/node_modules/globule/test/fixtures/expand/js/bar.js: running...
dexy - INFO - (state:running) 94f5d82f0e7bb43e8322be720e856630 doc:node_modules/grunt/node_modules/lodash/vendor/tar/vendor/fstream/lib/link-reader.js: running...
dexy - INFO - (state:running) 9deb765d2ddadc30e4677997698be548 doc:node_modules/grunt-contrib-watch/node_modules/lodash/dist/lodash.min.js: running...
dexy - INFO - (state:running) dfa67269dac2a88fb0d9c38695319b84 doc:node_modules/grunt/node_modules/js-yaml/examples/dumper.js: running...
dexy - INFO - (state:running) 9a9fa2a5417932e2cfbd2422ed8af911 doc:node_modules/grunt/node_modules/minimatch/minimatch.js: running...
dexy - INFO - (state:running) f865278afd728f3aeac5f9b5176313aa doc:node_modules/grunt/node_modules/coffee-script/lib/coffee-script/index.js: running...
dexy - INFO - (state:running) 8e2a5f5c70bab504f1cc63adf4157dd7 doc:node_modules/grunt/node_modules/minimatch/node_modules/sigmund/bench.js: running...
dexy - INFO - (state:running) b2e33bbf970f8956c20bd21cab909b8d doc:node_modules/grunt/node_modules/js-yaml/node_modules/argparse/lib/argument/error.js: running...
dexy - INFO - (state:running) 3d8f25faa1b5462adf7e2da1664cfd08 doc:node_modules/grunt/node_modules/grunt-legacy-util/test/fixtures/Gruntfile-execArgv-child.js: running...
dexy - INFO - (state:running) db8259a8cee01500bd9b1e9c2d6d37f7 doc:node_modules/grunt/node_modules/exit/test/fixtures/log-broken.js: running...
dexy - INFO - (state:running) d4e9761dd2b7464d814e13c6ae945a0f doc:node_modules/grunt-contrib-watch/node_modules/gaze/node_modules/globule/node_modules/minimatch/minimatch.js: running...
dexy - INFO - (state:running) 64dd5c38e06ae378b7054354f515006a doc:node_modules/grunt/node_modules/lodash/vendor/tar/vendor/fstream/lib/file-writer.js: running...
dexy - INFO - (state:running) 9c152da758cf2820966508449cf8dced doc:node_modules/grunt/node_modules/findup-sync/lib/findup-sync.js: running...
dexy - INFO - (state:running) 9ad063451b88381bdb7d631ea61a3179 doc:node_modules/grunt-contrib-watch/node_modules/gaze/lib/helper.js: running...
dexy - INFO - (state:running) 92faa3422965216c07c88fb374de78fc doc:node_modules/grunt/node_modules/grunt-legacy-log/node_modules/underscore.string/test/test_underscore/utility.js: running...
dexy - INFO - (state:running) 66133cf77d75a673dca2074dd586a601 doc:node_modules/grunt/node_modules/findup-sync/node_modules/glob/test/stat.js: running...
dexy - INFO - (state:running) 52df9307e03bade50d573bd34e2a849c doc:node_modules/grunt-contrib-watch/node_modules/tiny-lr-fork/node_modules/noptify/util/index.js: running...
dexy - INFO - (state:running) eccedfd77a75e5be6189312d560a31cc doc:node_modules/grunt-contrib-watch/node_modules/gaze/node_modules/globule/node_modules/lodash/vendor/tar/vendor/fstream/lib/socket-reader.js: running...
dexy - INFO - (state:running) a5d8c3f8b47d333491c69b955b285892 doc:node_modules/grunt/node_modules/findup-sync/node_modules/lodash/dist/lodash.js: running...
dexy - INFO - (state:running) 50cea70d4e3eda16781cfa34c0e52775 doc:node_modules/grunt/node_modules/glob/test/root-nomount.js: running...
dexy - INFO - (state:running) 3d22452c073003913063c1da093ca355 doc:node_modules/grunt-contrib-watch/tasks/lib/taskrun.js: running...
dexy - INFO - (state:running) 60a1fd5cc64e7d42c2e554a8eca11016 doc:node_modules/grunt-contrib-watch/node_modules/gaze/node_modules/globule/node_modules/minimatch/test/extglob-ending-with-state-char.js: running...
dexy - INFO - (state:running) 9957c00c2962a4dfa3bc124f61a02e8d doc:node_modules/grunt/node_modules/underscore.string/test/test_underscore/chaining.js: running...
dexy - INFO - (state:running) e935a95303350923c5da7b47dae146fd doc:node_modules/grunt/node_modules/underscore.string/test/test_underscore/temp.js: running...
dexy - INFO - (state:running) 6dda45de403c92bdac1e3b5d12874ace doc:node_modules/grunt/node_modules/findup-sync/Gruntfile.js: running...
dexy - INFO - (state:running) 31a353d32c4c742bee859ba4962c249c doc:node_modules/grunt/node_modules/iconv-lite/index.js: running...
dexy - INFO - (state:running) 8fe4fd100c5c538b6e687b7e5ebe6230 doc:node_modules/grunt/node_modules/hooker/dist/ba-hooker.min.js: running...
dexy - INFO - (state:running) e7af152ce4a1ba28bd1cbca9b72764d2 doc:node_modules/grunt-contrib-watch/node_modules/tiny-lr-fork/node_modules/faye-websocket/spec/faye/websocket/client_spec.js: running...
dexy - INFO - (state:running) efb9472b9b9bdc3c454512e4a2a2e3e7 doc:node_modules/grunt/node_modules/iconv-lite/test/gbk-test.js: running...
dexy - INFO - (state:running) 620df271ea8625b6f45d745d86c9a4d0 doc:node_modules/grunt/lib/grunt/file.js: running...
dexy - INFO - (state:running) fe405978a988cae46c4a98367498c70a doc:node_modules/grunt-contrib-watch/node_modules/tiny-lr-fork/node_modules/noptify/node_modules/nopt/examples/my-program.js: running...
dexy - INFO - (state:running) 08f9f8012ca523f2b049563de2c4f6a7 doc:node_modules/grunt-contrib-watch/node_modules/gaze/node_modules/globule/node_modules/lodash/vendor/tar/lib/entry-writer.js: running...
dexy - INFO - (state:running) 951b8fdef1256ea7e36443864bb2ccd2 doc:node_modules/grunt-contrib-watch/node_modules/tiny-lr-fork/lib/index.js: running...
dexy - INFO - (state:running) 10e6f56e2052c103dcf509165ff3a4eb doc:node_modules/grunt-contrib-watch/node_modules/gaze/node_modules/globule/node_modules/lodash/vendor/tar/vendor/fstream/lib/file-reader.js: running...
dexy - INFO - (state:running) 45488343d427eaadcae9d1935bfae592 doc:node_modules/grunt/node_modules/grunt-legacy-log/node_modules/underscore.string/lib/underscore.string.js: running...
dexy - INFO - (state:running) 1fdca76f9e77090de3835993b523e708 doc:node_modules/grunt/node_modules/js-yaml/node_modules/esprima/test/compat.js: running...
dexy - INFO - (state:running) fa7815f6579a8a749cbb920552135a1d doc:node_modules/grunt-contrib-watch/node_modules/gaze/node_modules/globule/node_modules/lodash/vendor/tar/lib/header.js: running...
dexy - INFO - (state:running) bacb7b21a56b2fa5b8515ee71bccf89b doc:node_modules/grunt/node_modules/coffee-script/lib/coffee-script/repl.js: running...
dexy - INFO - (state:running) e6193005fcbeffcb48e1a93a3b9ee459 doc:node_modules/grunt-contrib-watch/node_modules/tiny-lr-fork/node_modules/faye-websocket/spec/runner.js: running...
dexy - INFO - (state:running) 06f4b7bfcdfcdd20cf4aea3b2c04f0c7 doc:node_modules/grunt/node_modules/js-yaml/node_modules/argparse/node_modules/underscore.string/test/speed.js: running...
dexy - INFO - (state:running) b1c25e98ee4efd277cd9cdac8b8e7640 doc:node_modules/grunt/lib/grunt/task.js: running...
dexy - INFO - (state:running) 6ce97d603a0dbfbfb4f056d8b323d3e1 doc:node_modules/grunt/node_modules/js-yaml/node_modules/argparse/node_modules/underscore.string/test/underscore.js: running...
dexy - INFO - (state:running) f8e8050925ac263b004cd3932f734b6d doc:node_modules/grunt/node_modules/lodash/vendor/tar/vendor/fstream/lib/link-writer.js: running...
dexy - INFO - (state:running) b4ad0771d56192947f5910664c428193 doc:node_modules/grunt/node_modules/findup-sync/node_modules/glob/test/root-nomount.js: running...
dexy - INFO - (state:running) cd7dc9e86bef82c2c44b1df1506e1898 doc:node_modules/grunt/node_modules/js-yaml/node_modules/argparse/examples/sum.js: running...
dexy - INFO - (state:running) 8f99c9a5de9821544bdd6bcdbb302bf1 doc:node_modules/grunt-contrib-watch/node_modules/gaze/node_modules/globule/node_modules/lodash/vendor/tar/vendor/fstream/fstream.js: running...
dexy - INFO - (state:running) 3edaa373263f81761b83537c8c3f261b doc:node_modules/grunt-contrib-watch/node_modules/tiny-lr-fork/node_modules/debug/lib/debug.js: running...
dexy - INFO - (state:running) 77d2072452bb2670483ac81edbdc0a99 doc:node_modules/grunt/node_modules/lodash/vendor/tar/vendor/mkdirp/index.js: running...
dexy - INFO - (state:running) 94f614474338d381461675bea29cf2f5 doc:node_modules/grunt-contrib-watch/node_modules/gaze/node_modules/globule/node_modules/lodash/vendor/tar/lib/buffer-entry.js: running...
dexy - INFO - (state:running) 4f87c0228d954e9d33c479f4b88f5daf doc:node_modules/grunt-contrib-watch/node_modules/tiny-lr-fork/node_modules/noptify/node_modules/nopt/node_modules/abbrev/test.js: running...
dexy - INFO - (state:running) 1ddffb64118dfb6e50bcbbd2d16785e3 doc:node_modules/grunt/node_modules/minimatch/node_modules/lru-cache/lib/lru-cache.js: running...
dexy - INFO - (state:running) a8e2d88f0b2cbc55beb5d6aedccdcdb9 doc:node_modules/grunt/internal-tasks/bump.js: running...
dexy - INFO - (state:running) c6a01299ab0569cba42bb32dfcfd223e doc:node_modules/grunt-contrib-watch/node_modules/tiny-lr-fork/node_modules/qs/test/parse.js: running...
dexy - INFO - (state:running) a214050a10562aff5aa8d37555c54dd5 doc:node_modules/grunt/node_modules/minimatch/test/extglob-ending-with-state-char.js: running...
dexy - INFO - (state:running) dd6a1a699640fcf4d83ea19e18c65829 doc:node_modules/grunt-contrib-watch/node_modules/gaze/node_modules/globule/node_modules/lodash/vendor/tar/vendor/fstream/lib/file-writer.js: running...
dexy - INFO - (state:running) 52b64b4cdfc83a2d333a2860b378c5f0 doc:node_modules/grunt/node_modules/js-yaml/node_modules/argparse/lib/action/subparsers.js: running...
dexy - INFO - (state:running) e1e1d6c728cd9d7ac8a68c348655e61c doc:node_modules/grunt/node_modules/grunt-legacy-log/node_modules/underscore.string/test/underscore.js: running...
dexy - INFO - (state:running) 5371b45cd4f5cc0a85138f1bb729e263 doc:node_modules/grunt-contrib-watch/node_modules/gaze/node_modules/globule/node_modules/lodash/build/pre-compile.js: running...
dexy - INFO - (state:running) 6384abf82b764ec44142f51d8218ae5b doc:node_modules/grunt/node_modules/js-yaml/lib/js-yaml/type/map.js: running...
dexy - INFO - (state:running) f80c3ebaea94e476dc3855ca688d63f8 doc:node_modules/grunt-contrib-watch/node_modules/tiny-lr-fork/node_modules/qs/examples.js: running...
dexy - INFO - (state:running) cde52b8e4f1d72f29e930c24d5bc1daf doc:node_modules/grunt/node_modules/coffee-script/lib/coffee-script/command.js: running...
dexy - INFO - (state:running) 28314b811b75475dfd5e6caeaba82a47 doc:node_modules/grunt/node_modules/js-yaml/node_modules/argparse/examples/choice.js: running...
dexy - INFO - (state:running) 11146674bee46d6cc0468fb0e9723bef doc:node_modules/grunt/node_modules/nopt/node_modules/abbrev/test.js: running...
dexy - INFO - (state:running) ff08671e2ea79a66fb130118b2d6f853 doc:node_modules/grunt-contrib-watch/node_modules/gaze/node_modules/globule/node_modules/lodash/vendor/tar/vendor/fstream/lib/collect.js: running...
dexy - INFO - (state:running) c5f5ba4b05006c37f58bb26789b1b2e3 doc:node_modules/grunt/node_modules/eventemitter2/lib/eventemitter2.js: running...
dexy - INFO - (state:running) 36ab20a293c2b4758d830b28e222a75a doc:node_modules/grunt-contrib-watch/node_modules/tiny-lr-fork/node_modules/faye-websocket/lib/faye/websocket/api.js: running...
dexy - INFO - (state:running) d5389044954dfe4417dc9ebdd6e46a92 doc:node_modules/grunt/node_modules/js-yaml/lib/js-yaml/mark.js: running...
dexy - INFO - (state:running) 050d68f8bbbee37511e62335f70b91ed doc:node_modules/grunt-contrib-watch/node_modules/gaze/node_modules/globule/node_modules/lodash/build/minify.js: running...
dexy - INFO - (state:running) bc4cc0e1860b88aa29cd3c5cb50104cd doc:node_modules/grunt-contrib-watch/node_modules/tiny-lr-fork/node_modules/faye-websocket/examples/server.js: running...
dexy - INFO - (state:running) a23e0452b14abec12ae1d2a235f6d36f doc:node_modules/grunt-contrib-watch/node_modules/tiny-lr-fork/node_modules/faye-websocket/lib/faye/websocket/draft75_parser.js: running...
dexy - INFO - (state:running) 6d998ef30f473ef0fcb285d8bc893380 doc:node_modules/grunt/node_modules/nopt/examples/my-program.js: running...
dexy - INFO - (state:running) 9b0440179dc17400f22d207064c03a81 doc:node_modules/grunt/node_modules/lodash/vendor/tar/vendor/fstream/lib/dir-reader.js: running...
dexy - INFO - (state:running) 9f05ebeb52225e961b5b68091a327dbd doc:node_modules/grunt/node_modules/js-yaml/node_modules/argparse/node_modules/underscore.string/test/run-qunit.js: running...
dexy - INFO - (state:running) fd57795a84614a59ca5ad2167f5f3a95 doc:node_modules/grunt-contrib-watch/node_modules/tiny-lr-fork/node_modules/noptify/test/commandable.js: running...
dexy - INFO - (state:running) e4b67a5f3125c86eb18b5a94c1443d66 doc:node_modules/grunt/node_modules/grunt-legacy-log/node_modules/underscore.string/dist/underscore.string.min.js: running...
dexy - INFO - (state:running) 1799e839916dec683c81dfd56155b595 doc:node_modules/grunt-contrib-watch/node_modules/gaze/node_modules/globule/test/globule_test.js: running...
dexy - INFO - (state:running) ca24bd9d5cd1a7ab043663b2a7e305a9 doc:node_modules/grunt/node_modules/lodash/vendor/tar/lib/pack.js: running...
dexy - INFO - (state:running) 4b4fd63881355a566d65e2f81d78086a doc:node_modules/grunt-contrib-watch/node_modules/gaze/node_modules/globule/node_modules/glob/test/cwd-test.js: running...
dexy - INFO - (state:running) 1ca18b6faba9115ab19bcdf0faebdf96 doc:node_modules/grunt/node_modules/lodash/index.js: running...
dexy - INFO - (state:running) c795347a057b8046afe1bf46f8febecb doc:node_modules/grunt-contrib-watch/node_modules/tiny-lr-fork/test/server.js: running...
dexy - INFO - (state:running) c8efb690387a0344cbfc2f49ca7d0164 doc:node_modules/grunt/node_modules/js-yaml/node_modules/argparse/lib/action/store/true.js: running...
dexy - INFO - (state:running) afc9f96da2b215ff9af67496f03a57e7 doc:node_modules/grunt-contrib-watch/node_modules/gaze/node_modules/globule/node_modules/glob/test/mark.js: running...
dexy - INFO - (state:running) e86cd8f3036abdd4ac6ccebdcd230028 doc:node_modules/grunt/node_modules/js-yaml/lib/js-yaml/require.js: running...
dexy - INFO - (state:running) d71b1aed4594652e472f75ef6590ddbe doc:node_modules/grunt/node_modules/findup-sync/node_modules/glob/node_modules/minimatch/test/defaults.js: running...
dexy - INFO - (state:running) 76dfe42780ef3a6feec44322faafc091 doc:node_modules/grunt/node_modules/iconv-lite/encodings/singlebyte.js: running...
dexy - INFO - (state:running) c1d7312b0c89a0a55b48bbee54ee1c10 doc:node_modules/grunt/node_modules/js-yaml/node_modules/argparse/lib/argparse.js: running...
dexy - INFO - (state:running) aae9356f9313c5bd0f1f0c2ef6652b8e doc:node_modules/grunt/lib/grunt.js: running...
dexy - INFO - (state:running) 5d2b03387dd76c15b0e30b42c3932c88 doc:node_modules/grunt/node_modules/exit/lib/exit.js: running...
dexy - INFO - (state:running) 79a419f54b1659bf43f52ec3b9fce967 doc:node_modules/grunt/node_modules/js-yaml/node_modules/argparse/node_modules/underscore/underscore-min.js: running...
dexy - INFO - (state:running) 970004b5d217de064aa9a9959f4bcdf3 doc:node_modules/grunt/node_modules/rimraf/test/test-async.js: running...
dexy - INFO - (state:running) 24f191c73a87749e3bcc6ff314d0e1f2 doc:node_modules/grunt-contrib-compass/node_modules/async/lib/async.js: running...
dexy - INFO - (state:running) 0bb753cea17fa9b5870e53351d462c8b doc:node_modules/grunt/node_modules/findup-sync/node_modules/glob/node_modules/inherits/inherits_browser.js: running...
dexy - INFO - (state:running) c96bf2a471594c88813c1090f3f533ec doc:node_modules/grunt/node_modules/js-yaml/lib/js-yaml/type/str.js: running...
dexy - INFO - (state:running) cf1f3e0f506b8c8793eff2f670a878a5 doc:node_modules/grunt-contrib-watch/node_modules/tiny-lr-fork/node_modules/faye-websocket/lib/faye/websocket/api/event.js: running...
dexy - INFO - (state:running) 9659eac12d0a6d429bc488236e580414 doc:node_modules/grunt/node_modules/glob/examples/g.js: running...
dexy - INFO - (state:running) 2f5b8ae2b263918be50436d4fe694aaf doc:node_modules/grunt-contrib-watch/node_modules/gaze/node_modules/globule/node_modules/lodash/vendor/tar/vendor/fstream/lib/dir-reader.js: running...
dexy - INFO - (state:running) 8e5143ede49c49a655f853ddcc0e6ede doc:node_modules/grunt/node_modules/minimatch/node_modules/lru-cache/test/foreach.js: running...
dexy - INFO - (state:running) e1fc3421cd69fca1c92ab57b8e1a8bea doc:node_modules/grunt/node_modules/lodash/build/minify.js: running...
dexy - INFO - (state:running) 9e1252024fc3b9109fe25fb4eab97b9a doc:node_modules/grunt/node_modules/lodash/vendor/tar/lib/parse.js: running...
dexy - INFO - (state:running) 8ac6445df87c57194f2defc2e5f0691a doc:node_modules/grunt/node_modules/lodash/vendor/tar/lib/entry.js: running...
dexy - INFO - (state:running) 2507598993fd9421647e2bd0d9145288 doc:node_modules/grunt/node_modules/getobject/Gruntfile.js: running...
dexy - INFO - (state:running) d2d8f22f108b0d771623d76b99a3e80b doc:node_modules/grunt/node_modules/lodash/vendor/tar/vendor/fstream/lib/collect.js: running...
dexy - INFO - (state:running) 82135e350fcbf8322bb0dae66e7dd15d doc:node_modules/grunt/node_modules/js-yaml/node_modules/esprima/bin/esparse.js: running...
dexy - INFO - (state:running) 896cca6660a7fcecd86946b6b9f1f892 doc:node_modules/grunt/node_modules/findup-sync/node_modules/lodash/lodash.js: running...
dexy - INFO - (state:running) 24b6eabbd0aca1c6c524d5245ef87c9d doc:node_modules/grunt/internal-tasks/subgrunt.js: running...
dexy - INFO - (state:running) 26a579e8e90a7b291a5eae3eeb76a6ba doc:node_modules/grunt/node_modules/js-yaml/node_modules/argparse/lib/namespace.js: running...
dexy - INFO - (state:running) 01b644025fc75df3a2d11114e237e13f doc:node_modules/grunt/node_modules/glob/test/bash-comparison.js: running...
dexy - INFO - (state:running) 4e62d591faa0bdf0d0e238384b10f271 doc:node_modules/grunt/node_modules/js-yaml/node_modules/argparse/lib/action/append.js: running...
dexy - INFO - (state:running) ac6d52be59f8535de5b242b2aaae41b4 doc:node_modules/grunt/node_modules/minimatch/test/basic.js: running...
dexy - INFO - (state:running) c27ea30819cf1462f2cb90d5d916b753 doc:node_modules/grunt-contrib-watch/node_modules/gaze/node_modules/globule/node_modules/lodash/index.js: running...
dexy - INFO - (state:running) f66debfdae1bf393028a5d86021e5d5d doc:node_modules/grunt-contrib-watch/node_modules/tiny-lr-fork/node_modules/noptify/actions/commandable.js: running...
dexy - INFO - (state:running) d4f5240f2135f92b67a2904d93b6d74e doc:node_modules/grunt/node_modules/js-yaml/lib/js-yaml/loader.js: running...
dexy - INFO - (state:running) 3532e7ad090d150f8d8087c195ec157a doc:node_modules/grunt/node_modules/getobject/test/namespace_test.js: running...
dexy - INFO - (state:running) d620bab202bbc2b4f943a72a21156aa0 doc:node_modules/grunt/node_modules/findup-sync/node_modules/glob/test/nocase-nomagic.js: running...
dexy - INFO - (state:running) 21a1658c19c730726d8b7c7f7a5d4ccc doc:node_modules/grunt/node_modules/coffee-script/lib/coffee-script/helpers.js: running...
dexy - INFO - (state:running) f78bb317d88003672c06744607192744 doc:node_modules/grunt-contrib-watch/node_modules/gaze/node_modules/globule/node_modules/lodash/dist/lodash.underscore.min.js: running...
dexy - INFO - (state:running) 612ea7ad01f0ef30bb471af4e764cf99 doc:node_modules/grunt/node_modules/nopt/node_modules/abbrev/abbrev.js: running...
dexy - INFO - (state:running) 708cf93f4cc29f27d5e4647e36d7658a doc:node_modules/grunt/node_modules/underscore.string/test/test_underscore/utility.js: running...
dexy - INFO - (state:running) 50d07a638a61a89c95fb774be4ccc641 doc:node_modules/grunt-contrib-watch/node_modules/gaze/node_modules/globule/node_modules/lodash/vendor/tar/lib/extended-header-writer.js: running...
dexy - INFO - (state:running) a37cba4df6294f503a9a603fa20c0740 doc:node_modules/grunt/node_modules/dateformat/lib/dateformat.js: running...
dexy - INFO - (state:running) c0f6d616d9b2bf93690463f8827d9d6b doc:node_modules/grunt/node_modules/lodash/vendor/tar/vendor/fstream/lib/socket-reader.js: running...
dexy - INFO - (state:running) 1a02029ae99408b7836aa3f5416b45ff doc:node_modules/grunt/node_modules/grunt-legacy-util/index.js: running...
dexy - INFO - (state:running) 4fca0bb7c15db087317d51a7b1953822 doc:node_modules/grunt-contrib-watch/node_modules/gaze/node_modules/globule/node_modules/lodash/vendor/tar/tar.js: running...
dexy - INFO - (state:running) f1a97f55b38f056176181d315f610f4a doc:node_modules/grunt/node_modules/glob/node_modules/graceful-fs/test/open.js: running...
dexy - INFO - (state:running) 8d8aa41a11321e6989e30a641dafb531 doc:node_modules/grunt/node_modules/js-yaml/node_modules/argparse/node_modules/underscore.string/dist/underscore.string.min.js: running...
dexy - INFO - (state:running) c16a8ea501248109c0f606dea0473fc0 doc:node_modules/grunt/node_modules/js-yaml/node_modules/argparse/lib/help/added_formatters.js: running...
dexy - INFO - (state:running) 30c61ad30ac84c80a2f493f3139cf2a9 doc:node_modules/grunt-contrib-watch/node_modules/gaze/node_modules/globule/node_modules/lodash/vendor/tar/lib/extended-header.js: running...
dexy - INFO - (state:running) 3edf6a37e0aae8dbb0ea86be4d67e673 doc:node_modules/grunt/node_modules/findup-sync/node_modules/glob/node_modules/minimatch/test/caching.js: running...
dexy - INFO - (state:running) 58ad1a47ce73624e3810b5499f80252a doc:node_modules/grunt/lib/grunt/help.js: running...
dexy - INFO - (state:running) de04e392adf21d801eadc84daf1478a7 doc:node_modules/grunt-contrib-watch/node_modules/gaze/node_modules/globule/node_modules/lodash/dist/lodash.compat.min.js: running...
dexy - INFO - (state:running) 6fa66ac8f0bda47a1dd0b4498a4412d3 doc:node_modules/grunt/node_modules/lodash/lodash.underscore.js: running...
dexy - INFO - (state:running) c70ed0e41371a2d00662b1f24ad02217 doc:node_modules/grunt/lib/grunt/template.js: running...
dexy - INFO - (state:running) e4a474c87f958bef5ae26dd8c527bc00 doc:node_modules/grunt-contrib-watch/node_modules/gaze/node_modules/globule/node_modules/lodash/dist/lodash.js: running...
dexy - INFO - (state:running) 0270b50eaf47bd0c5338cf7e7ae6e426 doc:node_modules/grunt/node_modules/findup-sync/node_modules/lodash/dist/lodash.compat.min.js: running...
dexy - INFO - (state:running) 1f175048ead2359cfb238aa965509c14 doc:node_modules/grunt/node_modules/lodash/vendor/tar/lib/extract.js: running...
dexy - INFO - (state:running) 22d4e673dabb7d5700a738d24eec5c88 doc:node_modules/grunt/node_modules/js-yaml/lib/js-yaml/type/js/regexp.js: running...
dexy - INFO - (state:running) 1b4ec39e0bab20a61889ad37a5f6c064 doc:node_modules/grunt/node_modules/js-yaml/lib/js-yaml/type/int.js: running...
dexy - INFO - (state:running) 10722f0701992c51def8dbe732c295e9 doc:node_modules/grunt/node_modules/js-yaml/lib/js-yaml/common.js: running...
dexy - INFO - (state:running) 363838d5ff3ae92b6034d8c75e528b79 doc:node_modules/grunt-contrib-watch/node_modules/gaze/node_modules/globule/node_modules/lodash/vendor/underscore/underscore.js: running...
dexy - INFO - (state:running) 6e43ec121c3f436a1a20e4da334923d7 doc:node_modules/grunt/node_modules/js-yaml/node_modules/argparse/node_modules/underscore.string/test/test_underscore/speed.js: running...
dexy - INFO - (state:running) d9c84bdc19f4da5609ce2bbe5b9752fd doc:node_modules/grunt-contrib-watch/node_modules/lodash/dist/lodash.compat.js: running...
dexy - INFO - (state:running) 35b4a816e0441e6a375cd925af50752c doc:Gruntfile.js: running...
dexy - INFO - (state:running) 51182bc9ce7b8b0b3b4bf724bef2e6fe doc:node_modules/grunt/node_modules/coffee-script/lib/coffee-script/rewriter.js: running...
dexy - INFO - (state:running) 4f69023a5aba9a814539cccce0a4861d doc:node_modules/grunt/node_modules/colors/themes/winston-light.js: running...
dexy - INFO - (state:running) a2bed5acf912ddfcf82932140e3346bd doc:node_modules/grunt-contrib-watch/node_modules/lodash/dist/lodash.underscore.js: running...
dexy - INFO - (state:running) 3cd74883b7caf038e0dbf8b97be35dc4 doc:node_modules/grunt/node_modules/coffee-script/lib/coffee-script/cake.js: running...
dexy - INFO - (state:running) 524952bd9755cc63e90ba567dd593203 doc:node_modules/grunt/node_modules/minimatch/node_modules/lru-cache/test/basic.js: running...
dexy - INFO - (state:running) 631e259e18262f6b485764e45ec5a204 doc:node_modules/grunt-contrib-watch/node_modules/tiny-lr-fork/node_modules/faye-websocket/lib/faye/websocket.js: running...
dexy - INFO - (state:running) 274f9698527fb64c885031e74b4d44b1 doc:node_modules/grunt/node_modules/findup-sync/node_modules/glob/node_modules/minimatch/node_modules/lru-cache/test/foreach.js: running...
dexy - INFO - (state:running) d2264963cf6db17b33c78429f7abea23 doc:node_modules/grunt/node_modules/lodash/vendor/tar/vendor/inherits/inherits.js: running...
dexy - INFO - (state:running) ac6a24261165666e601b54d1d309be54 doc:node_modules/grunt/node_modules/js-yaml/node_modules/argparse/examples/nargs.js: running...
dexy - INFO - (state:running) 1fb7d11beae1ca1caa21f89f592b54dd doc:node_modules/grunt/node_modules/iconv-lite/generation/generate-big5-table.js: running...
dexy - INFO - (state:running) b752d4d4538b0ce759a70a22718910df doc:node_modules/grunt/node_modules/underscore.string/test/test_underscore/collections.js: running...
dexy - INFO - (state:running) ba1d7b1b7fc3ce44c0bc8aca8474d987 doc:node_modules/grunt/node_modules/grunt-legacy-util/test/fixtures/Gruntfile-print-text.js: running...
dexy - INFO - (state:running) 9094cf3987c8aa569662ff6f9d548ce5 doc:node_modules/grunt/node_modules/js-yaml/node_modules/argparse/lib/help/formatter.js: running...
dexy - INFO - (state:running) 59cdb9dd19789b857b6db716a74912f0 doc:node_modules/grunt/node_modules/js-yaml/node_modules/argparse/examples/sub_commands.js: running...
dexy - INFO - (state:running) fd2f04c141896c92f2c210d5b002f8b4 doc:node_modules/grunt/node_modules/findup-sync/node_modules/glob/examples/usr-local.js: running...
dexy - INFO - (state:running) a2b27d0bf0d806fc8366e7e91e6d5cb9 doc:node_modules/grunt-contrib-watch/node_modules/gaze/node_modules/globule/node_modules/lodash/vendor/tar/vendor/graceful-fs/graceful-fs.js: running...
dexy - INFO - (state:running) 45dc885affebc51adde1a346f12d351b doc:node_modules/grunt-contrib-watch/node_modules/gaze/lib/gaze.js: running...
dexy - INFO - (state:running) 3198c35406b81cd676e7b70edd90e6f4 doc:node_modules/grunt/node_modules/findup-sync/node_modules/glob/test/root.js: running...
dexy - INFO - (state:running) 065e68dbe36b54cd7e9b518f048d9813 doc:node_modules/grunt-contrib-watch/node_modules/gaze/node_modules/globule/node_modules/glob/glob.js: running...
dexy - INFO - (state:running) b6aba35029bbedd0fd622ca3e0211249 doc:node_modules/grunt-contrib-watch/node_modules/tiny-lr-fork/node_modules/debug/debug.js: running...
dexy - INFO - (state:running) 555885017a43e6e2996a4828f6ce0919 doc:node_modules/grunt/node_modules/lodash/vendor/tar/tar.js: running...
dexy - INFO - (state:running) 205ab37c2157b88c19f102bc17bad0f0 doc:node_modules/grunt/lib/util/task.js: running...
dexy - INFO - (state:running) 3851da0915db17a62b1f060d0cdc10bb doc:node_modules/grunt/node_modules/findup-sync/node_modules/lodash/dist/lodash.compat.js: running...
dexy - INFO - (state:running) f9177661a30cf2da2449389fd671e55a doc:node_modules/grunt/node_modules/js-yaml/lib/js-yaml/type.js: running...
dexy - INFO - (state:running) 89377e10f0c77832ff4e02684422d631 doc:node_modules/grunt/node_modules/js-yaml/lib/js-yaml/exception.js: running...
dexy - INFO - (state:running) ea4eed3b932a8b97a3b9205f310636d3 doc:node_modules/grunt-contrib-watch/node_modules/tiny-lr-fork/tasks/tiny-lr.js: running...
dexy - INFO - (state:running) 020a8fc0604f93586a2ea45c1d99612d doc:node_modules/grunt/node_modules/js-yaml/node_modules/argparse/node_modules/underscore.string/test/test_underscore/collections.js: running...
dexy - INFO - (state:running) d5342eabfa633abff73eb20e2a539140 doc:node_modules/grunt/node_modules/js-yaml/lib/js-yaml/type/null.js: running...
dexy - INFO - (state:running) f160e7f33ab9dd21b1fdcca68376a5b7 doc:node_modules/grunt/node_modules/findup-sync/node_modules/glob/test/globstar-match.js: running...
dexy - INFO - (state:running) 5590e1fec5d262966981e32a60706174 doc:node_modules/grunt/node_modules/findup-sync/node_modules/glob/test/zz-cleanup.js: running...
dexy - INFO - (state:running) c830a659f91cbd6a039e9c8b18e573e5 doc:node_modules/grunt/node_modules/findup-sync/node_modules/glob/test/readme-issue.js: running...
dexy - INFO - (state:running) f19a18e19d9ed884826df93c905d28a9 doc:node_modules/grunt-contrib-watch/node_modules/gaze/node_modules/globule/node_modules/minimatch/test/basic.js: running...
dexy - INFO - (state:running) d777f219843cab8f1c8df18e9782af6c doc:node_modules/grunt-contrib-watch/node_modules/gaze/node_modules/globule/node_modules/lodash/vendor/tar/lib/parse.js: running...
dexy - INFO - (state:running) 183e04757622ff8ea10cf2b7c9dc8f3c doc:node_modules/grunt/node_modules/js-yaml/node_modules/argparse/node_modules/underscore.string/test/test_underscore/objects.js: running...
dexy - INFO - (state:running) c4e0abc95b08657d1e1090d0ac12e472 doc:node_modules/grunt/node_modules/findup-sync/node_modules/glob/test/cwd-test.js: running...
dexy - INFO - (state:running) 7232fc78abc0f65258ba7faaad3e8048 doc:node_modules/grunt-contrib-watch/node_modules/gaze/node_modules/globule/node_modules/lodash/dist/lodash.underscore.js: running...
dexy - INFO - (state:running) 93e41f3440043c20350638221b8b9070 doc:node_modules/grunt-contrib-watch/node_modules/tiny-lr-fork/node_modules/faye-websocket/lib/faye/websocket/hybi_parser/handshake.js: running...
dexy - INFO - (state:running) e97373861a88f7733616d77cbe3dd084 doc:node_modules/grunt-contrib-watch/node_modules/gaze/node_modules/globule/node_modules/glob/test/root.js: running...
dexy - INFO - (state:running) 5ff023258dec0f8bc08af49d67a3afed doc:node_modules/grunt/node_modules/iconv-lite/test/performance.js: running...
dexy - INFO - (state:running) 000289fad96942a14b638fc45b32135d doc:node_modules/grunt/node_modules/js-yaml/node_modules/argparse/lib/action_container.js: running...
dexy - INFO - (state:running) ad50ec137edd5b1628cf735ff84b0787 doc:node_modules/grunt/node_modules/findup-sync/node_modules/glob/node_modules/minimatch/node_modules/sigmund/sigmund.js: running...
dexy - INFO - (state:running) 9e72b8b79cda5254483dd3572558c591 doc:node_modules/grunt-contrib-watch/node_modules/gaze/node_modules/globule/node_modules/lodash/vendor/platform.js/platform.js: running...
dexy - INFO - (state:running) ec21b0e6b3b18126b519d484700721f4 doc:node_modules/grunt-contrib-watch/node_modules/tiny-lr-fork/node_modules/faye-websocket/spec/faye/websocket/draft76parser_spec.js: running...
dexy - INFO - (state:running) 17c9941bd5f32e60e34dd7557c23b112 doc:node_modules/grunt-contrib-watch/node_modules/tiny-lr-fork/lib/client.js: running...
dexy - INFO - (state:running) 5f22761b5cebac02555987ddb17067dd doc:node_modules/grunt/node_modules/grunt-legacy-log/node_modules/underscore.string/test/speed.js: running...
dexy - INFO - (state:running) 4f3af1bdc98b29ea6693aaa2047fdda3 doc:node_modules/grunt/node_modules/async/lib/async.js: running...
dexy - INFO - (state:running) 91b41a82742f5ed2deac99c3ecb9700b doc:node_modules/grunt-contrib-watch/node_modules/tiny-lr-fork/node_modules/noptify/node_modules/nopt/bin/nopt.js: running...
dexy - INFO - (state:running) c10e5a6e705c80edbe8db6886d6babaf doc:node_modules/grunt/node_modules/findup-sync/node_modules/glob/test/mark.js: running...
dexy - INFO - (state:running) cf14094113a7931a6359407d4e1f8319 doc:node_modules/grunt/node_modules/iconv-lite/encodings/table/big5.js: running...
dexy - INFO - (state:running) 1a3798645c3f0ebc303ecb2f3b14b3f9 doc:node_modules/grunt/node_modules/glob/test/cwd-test.js: running...
dexy - INFO - (state:running) aab940f5df55cfb4aeaebc81a2a684bf doc:node_modules/grunt-contrib-watch/node_modules/gaze/node_modules/globule/node_modules/lodash/test/test-build.js: running...
dexy - INFO - (state:running) 6111f49b672aa90f00ed2df27e14cd83 doc:node_modules/grunt/node_modules/coffee-script/lib/coffee-script/browser.js: running...
dexy - INFO - (state:running) d33718b5577374729e8cd6fbbd6d484a doc:node_modules/grunt/node_modules/findup-sync/node_modules/glob/node_modules/minimatch/node_modules/lru-cache/test/basic.js: running...
dexy - INFO - (state:running) dcf37a52655815551601a06e2300094e doc:node_modules/grunt-contrib-watch/node_modules/gaze/node_modules/globule/node_modules/lodash/lodash.js: running...
dexy - INFO - (state:running) c28e5369fa20227b0611c01a01b3003b doc:node_modules/grunt/node_modules/lodash/vendor/tar/vendor/graceful-fs/graceful-fs.js: running...
dexy - INFO - (state:running) 48dfcc56197dbbe03e99725df82f5e85 doc:node_modules/grunt/node_modules/glob/test/pause-resume.js: running...
dexy - INFO - (state:running) 54c5557833b583708daba73507862eb2 doc:node_modules/grunt-contrib-watch/node_modules/gaze/node_modules/globule/node_modules/lodash/vendor/qunit-clib/qunit-clib.js: running...
dexy - INFO - (state:running) e45dda13fb1145691d7ced13c28a90f6 doc:node_modules/grunt-contrib-watch/node_modules/tiny-lr-fork/node_modules/qs/test/browser/qs.js: running...
dexy - INFO - (state:running) d215e1a921d58bc84b1407c2afe5664c doc:node_modules/grunt/node_modules/js-yaml/lib/js-yaml.js: running...
dexy - INFO - (state:running) 90e686af5b30e86b590320f38fd183a5 doc:node_modules/grunt/node_modules/underscore.string/test/test_underscore/vendor/jslitmus.js: running...
dexy - INFO - (state:running) d0d89947b3d022737352d349d3a07de3 doc:node_modules/grunt-contrib-watch/node_modules/gaze/node_modules/globule/node_modules/lodash/vendor/tar/vendor/fstream/lib/writer.js: running...
dexy - INFO - (state:running) 8b9f1e2ef0e513100b7cb1feabace009 doc:node_modules/grunt/node_modules/hooker/test/hooker_test.js: running...
dexy - INFO - (state:running) 2316e5737954177dfbb5cf6f796fdff3 doc:node_modules/grunt-contrib-watch/node_modules/gaze/node_modules/globule/node_modules/minimatch/node_modules/lru-cache/test/memory-leak.js: running...
dexy - INFO - (state:running) 0bfa0cfde9bd01e65edbf0e1d7bd0b0c doc:node_modules/grunt/node_modules/iconv-lite/test/cyrillic-test.js: running...
dexy - INFO - (state:running) 61a99c1b4d8e4f06f1a1e7ab6e52ece2 doc:node_modules/grunt-contrib-watch/node_modules/gaze/node_modules/globule/node_modules/lodash/vendor/tar/vendor/fstream/lib/proxy-writer.js: running...
dexy - INFO - (state:running) 3fd87b1f4eb66a454dbab671295cd376 doc:node_modules/grunt/node_modules/hooker/lib/hooker.js: running...
dexy - INFO - (state:running) d7fe93df4024cc32995361ca71778563 doc:node_modules/grunt-contrib-watch/node_modules/tiny-lr-fork/node_modules/qs/benchmark.js: running...
dexy - INFO - (state:running) fec490ef4000c84914c91eb8342e2180 doc:node_modules/grunt/node_modules/grunt-legacy-util/test/index.js: running...
dexy - INFO - (state:running) 96c6d30abc21d49d20650647e0647267 doc:node_modules/grunt/node_modules/lodash/build.js: running...
dexy - INFO - (state:running) 7a6f26bae0b78009a5008c3ad65e2682 doc:node_modules/grunt-contrib-watch/node_modules/gaze/node_modules/globule/node_modules/lodash/vendor/tar/vendor/fstream/lib/dir-writer.js: running...
dexy - INFO - (state:running) c798d7fa6f545d0485e2100b59c58d35 doc:node_modules/grunt-contrib-watch/node_modules/gaze/node_modules/globule/node_modules/lodash/dist/lodash.compat.js: running...
dexy - INFO - (state:running) 3012b4777e747e0487ee857bbe676534 doc:node_modules/grunt/node_modules/js-yaml/lib/js-yaml/type/pairs.js: running...
dexy - INFO - (state:running) 92c5dd710d30c4d5cb15d0a76c624c11 doc:node_modules/grunt/node_modules/lodash/vendor/tar/vendor/fstream/lib/proxy-reader.js: running...
dexy - INFO - (state:running) 909f29c78a4947797ad5133b137ae453 doc:node_modules/grunt-contrib-watch/node_modules/gaze/node_modules/globule/node_modules/glob/examples/g.js: running...
dexy - INFO - (state:running) a508756010fe3ef613e70e4c4868a6dc doc:node_modules/grunt/node_modules/js-yaml/bin/js-yaml.js: running...
dexy - INFO - (state:running) 6e278b5d7ebdddd3d6c88e62e6f56c7c doc:node_modules/grunt-contrib-watch/node_modules/gaze/node_modules/globule/node_modules/minimatch/node_modules/sigmund/test/basic.js: running...
dexy - INFO - (state:running) 2b7fd9ba06c2bc54ca8e1a0f4d267e59 doc:node_modules/grunt/node_modules/findup-sync/node_modules/glob/test/new-glob-optional-options.js: running...
dexy - INFO - (state:running) 1235536c56a5ff32b01fc600bc085ec6 doc:node_modules/grunt/node_modules/exit/Gruntfile.js: running...
dexy - INFO - (state:running) 17795dceddc89ea69cfec0878520d5a3 doc:node_modules/grunt/node_modules/getobject/lib/getobject.js: running...
dexy - INFO - (state:running) 869ecfb5f5c1856fcbf9bc4a707fcd44 doc:node_modules/grunt/node_modules/coffee-script/lib/coffee-script/coffee-script.js: running...
dexy - INFO - (state:running) e31a869710aec33ec9baf27d69f42270 doc:node_modules/grunt/node_modules/grunt-legacy-log/node_modules/underscore.string/test/test_underscore/functions.js: running...
dexy - INFO - (state:running) 2402b381f03d0175eb2e022301a5b1fd doc:node_modules/grunt-contrib-watch/node_modules/gaze/node_modules/globule/node_modules/lodash/vendor/tar/lib/global-header-writer.js: running...
dexy - INFO - (state:running) 4c6921e1ee21195b892babe5e7346c4d doc:node_modules/grunt/node_modules/grunt-legacy-log/index.js: running...
dexy - INFO - (state:running) fc36854b6867c1581ab159b09dd7e2f4 pattern:*.png: running...
dexy - INFO - (state:running) 23f661bccb89a9874fd22cf6eea0ac35 doc:screenshots/_patterns_03-templates-03-ni-blog_03-templates-03-ni-blog.html400.png: running...
dexy - INFO - (state:running) f2a8120dd8bba4ff87e5e1c43a8ca0a3 doc:screenshots/home900.png: running...
dexy - INFO - (state:running) 941a413a84d18257ba775f836fa958a4 doc:screenshots/home600.png: running...
dexy - INFO - (state:running) c1fa1b87da3697d53763967f04bce81d doc:screenshots/_patterns_04-pages-03-ni-blog_04-pages-03-ni-blog.html400.png: running...
dexy - INFO - (state:running) c26d0d43b7400de8eccef0d237f405c1 doc:screenshots/_patterns_04-pages-03-ni-blog_04-pages-03-ni-blog.html900.png: running...
dexy - INFO - (state:running) d192d9959c66bd54d2ca1503955cbe17 doc:screenshots/_patterns_03-templates-03-ni-blog_03-templates-03-ni-blog.html600.png: running...
dexy - INFO - (state:running) e06dc2a4c274d96215bb9c03cac51af7 doc:screenshots/home400.png: running...
dexy - INFO - (state:running) 1a8236bb8d0e7fd5305a168dbca5b594 doc:screenshots/home1200.png: running...
dexy - INFO - (state:running) 4876fc5c48640129b29e8f08f313a2c0 doc:screenshots/_patterns_04-pages-03-ni-blog_04-pages-03-ni-blog.html600.png: running...
dexy - INFO - (state:running) d7ca5b8627b92bf6f069290d8d9b12e7 doc:screenshots/_patterns_04-pages-03-ni-blog_04-pages-03-ni-blog.html1200.png: running...
dexy - INFO - (state:running) 93c2012db735933d3c03e237cbb71dcb doc:screenshots/_patterns_03-templates-03-ni-blog_03-templates-03-ni-blog.html900.png: running...
dexy - INFO - (state:running) 518ba9d7401988158a9737f9617eceb2 doc:screenshots/_patterns_03-templates-03-ni-blog_03-templates-03-ni-blog.html1200.png: running...
dexy - INFO - (state:running) ba967b4154d84066fb2b143c597ce9c0 pattern:*.jpg: running...
dexy - INFO - (state:running) ebdce457c0190a24bda4ed186a061043 doc:guidelines.markdown|pandoc|hd|ft|jinja: running...
dexy - INFO - (state:running) 028f7c8948b110507ddafd408fd8dc83 bundle:partials: running...
dexy - INFO - (state:running) ef9867c9447d3057d472ad426df86a05 pattern:_*.html: running...
dexy - INFO - (state:running) f0715a4bbfb56fc77971a8954f077871 doc:_footer.html: running...
dexy - INFO - (state:running) 69d9b376a29cd8dfe07b3ffec18d4b55 doc:_header.html: running...
dexy - INFO - (state:running) 4b3cdc4cb815dfa317ae58526612f4b8 bundle:screenshots: running...
dexy - INFO - (state:running) a39c8cfca6c63f0eaa27216671e19220 doc:screenshots.js|casperjs: running...
dexy - WARNING - (state:running) a39c8cfca6c63f0eaa27216671e19220 doc:screenshots.js|casperjs: 13 additional files added
dexy - INFO - (state:running) e18316a8497657b74e06d7cf455799d2 doc:cookies.txt: running...
dexy - INFO - (state:running) d192d9959c66bd54d2ca1503955cbe17 doc:screenshots/_patterns_03-templates-03-ni-blog_03-templates-03-ni-blog.html600.png: running...
dexy - INFO - (state:running) f2a8120dd8bba4ff87e5e1c43a8ca0a3 doc:screenshots/home900.png: running...
dexy - INFO - (state:running) 4876fc5c48640129b29e8f08f313a2c0 doc:screenshots/_patterns_04-pages-03-ni-blog_04-pages-03-ni-blog.html600.png: running...
dexy - INFO - (state:running) e06dc2a4c274d96215bb9c03cac51af7 doc:screenshots/home400.png: running...
dexy - INFO - (state:running) d7ca5b8627b92bf6f069290d8d9b12e7 doc:screenshots/_patterns_04-pages-03-ni-blog_04-pages-03-ni-blog.html1200.png: running...
dexy - INFO - (state:running) 23f661bccb89a9874fd22cf6eea0ac35 doc:screenshots/_patterns_03-templates-03-ni-blog_03-templates-03-ni-blog.html400.png: running...
dexy - INFO - (state:running) c1fa1b87da3697d53763967f04bce81d doc:screenshots/_patterns_04-pages-03-ni-blog_04-pages-03-ni-blog.html400.png: running...
dexy - INFO - (state:running) c26d0d43b7400de8eccef0d237f405c1 doc:screenshots/_patterns_04-pages-03-ni-blog_04-pages-03-ni-blog.html900.png: running...
dexy - INFO - (state:running) 941a413a84d18257ba775f836fa958a4 doc:screenshots/home600.png: running...
dexy - INFO - (state:running) 518ba9d7401988158a9737f9617eceb2 doc:screenshots/_patterns_03-templates-03-ni-blog_03-templates-03-ni-blog.html1200.png: running...
dexy - INFO - (state:running) 93c2012db735933d3c03e237cbb71dcb doc:screenshots/_patterns_03-templates-03-ni-blog_03-templates-03-ni-blog.html900.png: running...
dexy - INFO - (state:running) 1a8236bb8d0e7fd5305a168dbca5b594 doc:screenshots/home1200.png: running...
